{"/home/bhavi/bhavi/setap/project/Backend/src/app.js": {"path":"/home/bhavi/bhavi/setap/project/Backend/src/app.js","statementMap":{"0":{"start":{"line":7,"column":0},"end":{"line":7,"column":null}},"1":{"start":{"line":9,"column":6},"end":{"line":9,"column":null}},"2":{"start":{"line":12,"column":0},"end":{"line":12,"column":null}},"3":{"start":{"line":15,"column":0},"end":{"line":18,"column":null}},"4":{"start":{"line":21,"column":0},"end":{"line":21,"column":null}},"5":{"start":{"line":22,"column":0},"end":{"line":22,"column":null}},"6":{"start":{"line":25,"column":0},"end":{"line":29,"column":null}},"7":{"start":{"line":26,"column":2},"end":{"line":26,"column":null}},"8":{"start":{"line":28,"column":2},"end":{"line":28,"column":null}},"9":{"start":{"line":32,"column":0},"end":{"line":42,"column":null}},"10":{"start":{"line":33,"column":2},"end":{"line":41,"column":null}},"11":{"start":{"line":46,"column":0},"end":{"line":46,"column":null}},"12":{"start":{"line":49,"column":0},"end":{"line":56,"column":null}},"13":{"start":{"line":50,"column":2},"end":{"line":55,"column":null}},"14":{"start":{"line":59,"column":0},"end":{"line":67,"column":null}},"15":{"start":{"line":60,"column":2},"end":{"line":66,"column":null}},"16":{"start":{"line":70,"column":0},"end":{"line":76,"column":null}},"17":{"start":{"line":71,"column":2},"end":{"line":75,"column":null}},"18":{"start":{"line":79,"column":0},"end":{"line":87,"column":null}},"19":{"start":{"line":80,"column":2},"end":{"line":80,"column":null}},"20":{"start":{"line":82,"column":2},"end":{"line":86,"column":null}}},"fnMap":{"0":{"name":"(anonymous_0)","decl":{"start":{"line":32,"column":19},"end":{"line":32,"column":20}},"loc":{"start":{"line":32,"column":33},"end":{"line":42,"column":1}},"line":32},"1":{"name":"(anonymous_1)","decl":{"start":{"line":49,"column":16},"end":{"line":49,"column":17}},"loc":{"start":{"line":49,"column":30},"end":{"line":56,"column":1}},"line":49},"2":{"name":"(anonymous_2)","decl":{"start":{"line":59,"column":19},"end":{"line":59,"column":20}},"loc":{"start":{"line":59,"column":33},"end":{"line":67,"column":1}},"line":59},"3":{"name":"(anonymous_3)","decl":{"start":{"line":70,"column":8},"end":{"line":70,"column":9}},"loc":{"start":{"line":70,"column":22},"end":{"line":76,"column":1}},"line":70},"4":{"name":"(anonymous_4)","decl":{"start":{"line":79,"column":8},"end":{"line":79,"column":9}},"loc":{"start":{"line":79,"column":33},"end":{"line":87,"column":1}},"line":79}},"branchMap":{"0":{"loc":{"start":{"line":16,"column":10},"end":{"line":16,"column":null}},"type":"binary-expr","locations":[{"start":{"line":16,"column":10},"end":{"line":16,"column":37}},{"start":{"line":16,"column":37},"end":{"line":16,"column":null}}],"line":16},"1":{"loc":{"start":{"line":25,"column":0},"end":{"line":29,"column":null}},"type":"if","locations":[{"start":{"line":25,"column":0},"end":{"line":29,"column":null}},{"start":{"line":27,"column":7},"end":{"line":29,"column":null}}],"line":25},"2":{"loc":{"start":{"line":82,"column":13},"end":{"line":82,"column":34}},"type":"binary-expr","locations":[{"start":{"line":82,"column":13},"end":{"line":82,"column":31}},{"start":{"line":82,"column":31},"end":{"line":82,"column":34}}],"line":82},"3":{"loc":{"start":{"line":84,"column":13},"end":{"line":84,"column":null}},"type":"binary-expr","locations":[{"start":{"line":84,"column":13},"end":{"line":84,"column":28}},{"start":{"line":84,"column":28},"end":{"line":84,"column":null}}],"line":84},"4":{"loc":{"start":{"line":85,"column":8},"end":{"line":85,"column":null}},"type":"binary-expr","locations":[{"start":{"line":85,"column":8},"end":{"line":85,"column":50}},{"start":{"line":85,"column":50},"end":{"line":85,"column":null}}],"line":85}},"s":{"0":4,"1":4,"2":4,"3":4,"4":4,"5":4,"6":4,"7":0,"8":4,"9":4,"10":0,"11":4,"12":4,"13":0,"14":4,"15":0,"16":4,"17":1,"18":4,"19":0,"20":0},"f":{"0":0,"1":0,"2":0,"3":1,"4":0},"b":{"0":[4,4],"1":[0,4],"2":[0,0],"3":[0,0],"4":[0,0]},"meta":{"lastBranch":5,"lastFunction":5,"lastStatement":21,"seen":{"s:7:0:7:Infinity":0,"s:9:6:9:Infinity":1,"s:12:0:12:Infinity":2,"s:15:0:18:Infinity":3,"b:16:10:16:37:16:37:16:Infinity":0,"s:21:0:21:Infinity":4,"s:22:0:22:Infinity":5,"b:25:0:29:Infinity:27:7:29:Infinity":1,"s:25:0:29:Infinity":6,"s:26:2:26:Infinity":7,"s:28:2:28:Infinity":8,"s:32:0:42:Infinity":9,"f:32:19:32:20":0,"s:33:2:41:Infinity":10,"s:46:0:46:Infinity":11,"s:49:0:56:Infinity":12,"f:49:16:49:17":1,"s:50:2:55:Infinity":13,"s:59:0:67:Infinity":14,"f:59:19:59:20":2,"s:60:2:66:Infinity":15,"s:70:0:76:Infinity":16,"f:70:8:70:9":3,"s:71:2:75:Infinity":17,"s:79:0:87:Infinity":18,"f:79:8:79:9":4,"s:80:2:80:Infinity":19,"s:82:2:86:Infinity":20,"b:82:13:82:31:82:31:82:34":2,"b:84:13:84:28:84:28:84:Infinity":3,"b:85:8:85:50:85:50:85:Infinity":4}}}
,"/home/bhavi/bhavi/setap/project/Backend/src/config/index.js": {"path":"/home/bhavi/bhavi/setap/project/Backend/src/config/index.js","statementMap":{"0":{"start":{"line":3,"column":15},"end":{"line":37,"column":null}}},"fnMap":{},"branchMap":{"0":{"loc":{"start":{"line":4,"column":8},"end":{"line":4,"column":null}},"type":"binary-expr","locations":[{"start":{"line":4,"column":8},"end":{"line":4,"column":28}},{"start":{"line":4,"column":28},"end":{"line":4,"column":null}}],"line":4},"1":{"loc":{"start":{"line":5,"column":11},"end":{"line":5,"column":null}},"type":"binary-expr","locations":[{"start":{"line":5,"column":11},"end":{"line":5,"column":35}},{"start":{"line":5,"column":35},"end":{"line":5,"column":null}}],"line":5},"2":{"loc":{"start":{"line":12,"column":13},"end":{"line":12,"column":null}},"type":"binary-expr","locations":[{"start":{"line":12,"column":13},"end":{"line":12,"column":39}},{"start":{"line":12,"column":39},"end":{"line":12,"column":null}}],"line":12},"3":{"loc":{"start":{"line":13,"column":13},"end":{"line":13,"column":null}},"type":"binary-expr","locations":[{"start":{"line":13,"column":13},"end":{"line":13,"column":39}},{"start":{"line":13,"column":39},"end":{"line":13,"column":null}}],"line":13},"4":{"loc":{"start":{"line":14,"column":20},"end":{"line":14,"column":null}},"type":"binary-expr","locations":[{"start":{"line":14,"column":20},"end":{"line":14,"column":54}},{"start":{"line":14,"column":54},"end":{"line":14,"column":null}}],"line":14},"5":{"loc":{"start":{"line":33,"column":18},"end":{"line":33,"column":null}},"type":"binary-expr","locations":[{"start":{"line":33,"column":18},"end":{"line":33,"column":48}},{"start":{"line":33,"column":48},"end":{"line":33,"column":null}}],"line":33},"6":{"loc":{"start":{"line":35,"column":15},"end":{"line":35,"column":null}},"type":"binary-expr","locations":[{"start":{"line":35,"column":15},"end":{"line":35,"column":41}},{"start":{"line":35,"column":41},"end":{"line":35,"column":null}}],"line":35}},"s":{"0":4},"f":{},"b":{"0":[4,0],"1":[4,0],"2":[4,4],"3":[4,4],"4":[4,4],"5":[4,4],"6":[4,0]},"meta":{"lastBranch":7,"lastFunction":0,"lastStatement":1,"seen":{"s:3:15:37:Infinity":0,"b:4:8:4:28:4:28:4:Infinity":0,"b:5:11:5:35:5:35:5:Infinity":1,"b:12:13:12:39:12:39:12:Infinity":2,"b:13:13:13:39:13:39:13:Infinity":3,"b:14:20:14:54:14:54:14:Infinity":4,"b:33:18:33:48:33:48:33:Infinity":5,"b:35:15:35:41:35:41:35:Infinity":6}}}
,"/home/bhavi/bhavi/setap/project/Backend/src/config/mongoDb.js": {"path":"/home/bhavi/bhavi/setap/project/Backend/src/config/mongoDb.js","statementMap":{"0":{"start":{"line":8,"column":2},"end":{"line":20,"column":null}},"1":{"start":{"line":9,"column":19},"end":{"line":9,"column":51}},"2":{"start":{"line":10,"column":4},"end":{"line":10,"column":null}},"3":{"start":{"line":12,"column":4},"end":{"line":12,"column":30}},"4":{"start":{"line":14,"column":4},"end":{"line":14,"column":61}},"5":{"start":{"line":16,"column":4},"end":{"line":16,"column":56}},"6":{"start":{"line":19,"column":4},"end":{"line":19,"column":null}},"7":{"start":{"line":24,"column":2},"end":{"line":24,"column":63}},"8":{"start":{"line":24,"column":14},"end":{"line":24,"column":63}},"9":{"start":{"line":25,"column":2},"end":{"line":25,"column":null}}},"fnMap":{"0":{"name":"initMongoDb","decl":{"start":{"line":7,"column":22},"end":{"line":7,"column":33}},"loc":{"start":{"line":7,"column":36},"end":{"line":21,"column":null}},"line":7},"1":{"name":"(anonymous_1)","decl":{"start":{"line":14,"column":50},"end":{"line":14,"column":51}},"loc":{"start":{"line":14,"column":56},"end":{"line":14,"column":58}},"line":14},"2":{"name":"getNoSql","decl":{"start":{"line":23,"column":16},"end":{"line":23,"column":24}},"loc":{"start":{"line":23,"column":27},"end":{"line":27,"column":null}},"line":23}},"branchMap":{"0":{"loc":{"start":{"line":24,"column":2},"end":{"line":24,"column":63}},"type":"if","locations":[{"start":{"line":24,"column":2},"end":{"line":24,"column":63}},{"start":{},"end":{}}],"line":24}},"s":{"0":0,"1":0,"2":0,"3":0,"4":0,"5":0,"6":0,"7":0,"8":0,"9":0},"f":{"0":0,"1":0,"2":0},"b":{"0":[0,0]},"meta":{"lastBranch":1,"lastFunction":3,"lastStatement":10,"seen":{"f:7:22:7:33":0,"s:8:2:20:Infinity":0,"s:9:19:9:51":1,"s:10:4:10:Infinity":2,"s:12:4:12:30":3,"s:14:4:14:61":4,"f:14:50:14:51":1,"s:16:4:16:56":5,"s:19:4:19:Infinity":6,"f:23:16:23:24":2,"b:24:2:24:63:undefined:undefined:undefined:undefined":0,"s:24:2:24:63":7,"s:24:14:24:63":8,"s:25:2:25:Infinity":9}}}
,"/home/bhavi/bhavi/setap/project/Backend/src/config/psql.js": {"path":"/home/bhavi/bhavi/setap/project/Backend/src/config/psql.js","statementMap":{"0":{"start":{"line":5,"column":18},"end":{"line":5,"column":43}},"1":{"start":{"line":8,"column":2},"end":{"line":123,"column":69}},"2":{"start":{"line":9,"column":4},"end":{"line":27,"column":7}},"3":{"start":{"line":28,"column":4},"end":{"line":37,"column":null}},"4":{"start":{"line":38,"column":4},"end":{"line":47,"column":null}},"5":{"start":{"line":48,"column":4},"end":{"line":57,"column":null}},"6":{"start":{"line":58,"column":4},"end":{"line":65,"column":null}},"7":{"start":{"line":67,"column":4},"end":{"line":79,"column":null}},"8":{"start":{"line":81,"column":4},"end":{"line":92,"column":null}},"9":{"start":{"line":94,"column":4},"end":{"line":107,"column":null}},"10":{"start":{"line":109,"column":2},"end":{"line":119,"column":4}},"11":{"start":{"line":123,"column":4},"end":{"line":123,"column":67}}},"fnMap":{"0":{"name":"initPSQL","decl":{"start":{"line":7,"column":22},"end":{"line":7,"column":30}},"loc":{"start":{"line":7,"column":33},"end":{"line":123,"column":null}},"line":7}},"branchMap":{},"s":{"0":4,"1":0,"2":0,"3":0,"4":0,"5":0,"6":0,"7":0,"8":0,"9":0,"10":0,"11":0},"f":{"0":0},"b":{},"meta":{"lastBranch":0,"lastFunction":1,"lastStatement":12,"seen":{"s:5:18:5:43":0,"f:7:22:7:30":0,"s:8:2:123:69":1,"s:9:4:27:7":2,"s:28:4:37:Infinity":3,"s:38:4:47:Infinity":4,"s:48:4:57:Infinity":5,"s:58:4:65:Infinity":6,"s:67:4:79:Infinity":7,"s:81:4:92:Infinity":8,"s:94:4:107:Infinity":9,"s:109:2:119:4":10,"s:123:4:123:67":11}}}
,"/home/bhavi/bhavi/setap/project/Backend/src/controllers/authController.js": {"path":"/home/bhavi/bhavi/setap/project/Backend/src/controllers/authController.js","statementMap":{"0":{"start":{"line":9,"column":4},"end":{"line":27,"column":null}},"1":{"start":{"line":10,"column":23},"end":{"line":10,"column":59}},"2":{"start":{"line":13,"column":8},"end":{"line":17,"column":null}},"3":{"start":{"line":14,"column":12},"end":{"line":14,"column":null}},"4":{"start":{"line":16,"column":12},"end":{"line":16,"column":null}},"5":{"start":{"line":19,"column":8},"end":{"line":24,"column":null}},"6":{"start":{"line":26,"column":8},"end":{"line":26,"column":null}},"7":{"start":{"line":32,"column":4},"end":{"line":42,"column":null}},"8":{"start":{"line":33,"column":23},"end":{"line":33,"column":56}},"9":{"start":{"line":34,"column":8},"end":{"line":39,"column":null}},"10":{"start":{"line":41,"column":8},"end":{"line":41,"column":null}},"11":{"start":{"line":47,"column":4},"end":{"line":62,"column":null}},"12":{"start":{"line":48,"column":22},"end":{"line":48,"column":71}},"13":{"start":{"line":49,"column":33},"end":{"line":49,"column":41}},"14":{"start":{"line":51,"column":8},"end":{"line":53,"column":null}},"15":{"start":{"line":52,"column":12},"end":{"line":52,"column":null}},"16":{"start":{"line":55,"column":8},"end":{"line":57,"column":null}},"17":{"start":{"line":56,"column":12},"end":{"line":56,"column":null}},"18":{"start":{"line":59,"column":8},"end":{"line":59,"column":null}},"19":{"start":{"line":61,"column":8},"end":{"line":61,"column":null}},"20":{"start":{"line":66,"column":4},"end":{"line":82,"column":null}},"21":{"start":{"line":67,"column":33},"end":{"line":67,"column":41}},"22":{"start":{"line":69,"column":8},"end":{"line":71,"column":null}},"23":{"start":{"line":70,"column":12},"end":{"line":70,"column":null}},"24":{"start":{"line":73,"column":23},"end":{"line":73,"column":68}},"25":{"start":{"line":74,"column":8},"end":{"line":79,"column":null}},"26":{"start":{"line":81,"column":8},"end":{"line":81,"column":null}},"27":{"start":{"line":86,"column":4},"end":{"line":106,"column":null}},"28":{"start":{"line":87,"column":26},"end":{"line":87,"column":34}},"29":{"start":{"line":89,"column":8},"end":{"line":91,"column":null}},"30":{"start":{"line":90,"column":12},"end":{"line":90,"column":null}},"31":{"start":{"line":93,"column":8},"end":{"line":93,"column":null}},"32":{"start":{"line":96,"column":8},"end":{"line":99,"column":null}},"33":{"start":{"line":102,"column":8},"end":{"line":105,"column":null}},"34":{"start":{"line":110,"column":4},"end":{"line":121,"column":null}},"35":{"start":{"line":111,"column":26},"end":{"line":111,"column":36}},"36":{"start":{"line":113,"column":23},"end":{"line":113,"column":59}},"37":{"start":{"line":114,"column":8},"end":{"line":118,"column":null}},"38":{"start":{"line":120,"column":8},"end":{"line":120,"column":null}},"39":{"start":{"line":125,"column":4},"end":{"line":130,"column":null}},"40":{"start":{"line":127,"column":8},"end":{"line":127,"column":null}},"41":{"start":{"line":129,"column":8},"end":{"line":129,"column":null}},"42":{"start":{"line":134,"column":4},"end":{"line":152,"column":null}},"43":{"start":{"line":135,"column":49},"end":{"line":135,"column":57}},"44":{"start":{"line":136,"column":23},"end":{"line":136,"column":34}},"45":{"start":{"line":138,"column":8},"end":{"line":143,"column":null}},"46":{"start":{"line":139,"column":12},"end":{"line":142,"column":null}},"47":{"start":{"line":145,"column":8},"end":{"line":145,"column":null}},"48":{"start":{"line":146,"column":8},"end":{"line":149,"column":null}},"49":{"start":{"line":151,"column":8},"end":{"line":151,"column":null}},"50":{"start":{"line":156,"column":4},"end":{"line":174,"column":null}},"51":{"start":{"line":157,"column":26},"end":{"line":157,"column":36}},"52":{"start":{"line":158,"column":32},"end":{"line":158,"column":40}},"53":{"start":{"line":160,"column":8},"end":{"line":165,"column":null}},"54":{"start":{"line":161,"column":12},"end":{"line":164,"column":null}},"55":{"start":{"line":167,"column":8},"end":{"line":167,"column":null}},"56":{"start":{"line":168,"column":8},"end":{"line":171,"column":null}},"57":{"start":{"line":173,"column":8},"end":{"line":173,"column":null}},"58":{"start":{"line":178,"column":4},"end":{"line":210,"column":null}},"59":{"start":{"line":179,"column":23},"end":{"line":179,"column":34}},"60":{"start":{"line":180,"column":21},"end":{"line":180,"column":58}},"61":{"start":{"line":182,"column":8},"end":{"line":187,"column":null}},"62":{"start":{"line":183,"column":12},"end":{"line":186,"column":null}},"63":{"start":{"line":189,"column":8},"end":{"line":194,"column":null}},"64":{"start":{"line":190,"column":12},"end":{"line":193,"column":null}},"65":{"start":{"line":196,"column":34},"end":{"line":196,"column":85}},"66":{"start":{"line":198,"column":8},"end":{"line":202,"column":null}},"67":{"start":{"line":199,"column":12},"end":{"line":199,"column":null}},"68":{"start":{"line":201,"column":12},"end":{"line":201,"column":null}},"69":{"start":{"line":204,"column":8},"end":{"line":207,"column":null}},"70":{"start":{"line":209,"column":8},"end":{"line":209,"column":null}}},"fnMap":{"0":{"name":"signup","decl":{"start":{"line":8,"column":15},"end":{"line":8,"column":21}},"loc":{"start":{"line":8,"column":38},"end":{"line":28,"column":null}},"line":8},"1":{"name":"login","decl":{"start":{"line":31,"column":15},"end":{"line":31,"column":20}},"loc":{"start":{"line":31,"column":37},"end":{"line":43,"column":null}},"line":31},"2":{"name":"logout","decl":{"start":{"line":46,"column":15},"end":{"line":46,"column":21}},"loc":{"start":{"line":46,"column":38},"end":{"line":63,"column":null}},"line":46},"3":{"name":"refreshToken","decl":{"start":{"line":65,"column":15},"end":{"line":65,"column":27}},"loc":{"start":{"line":65,"column":44},"end":{"line":83,"column":null}},"line":65},"4":{"name":"forgotPassword","decl":{"start":{"line":85,"column":15},"end":{"line":85,"column":29}},"loc":{"start":{"line":85,"column":46},"end":{"line":107,"column":null}},"line":85},"5":{"name":"verifyEmail","decl":{"start":{"line":109,"column":15},"end":{"line":109,"column":26}},"loc":{"start":{"line":109,"column":43},"end":{"line":122,"column":null}},"line":109},"6":{"name":"getCurrentUser","decl":{"start":{"line":124,"column":15},"end":{"line":124,"column":29}},"loc":{"start":{"line":124,"column":46},"end":{"line":131,"column":null}},"line":124},"7":{"name":"changePassword","decl":{"start":{"line":133,"column":15},"end":{"line":133,"column":29}},"loc":{"start":{"line":133,"column":46},"end":{"line":153,"column":null}},"line":133},"8":{"name":"resetPassword","decl":{"start":{"line":155,"column":15},"end":{"line":155,"column":28}},"loc":{"start":{"line":155,"column":45},"end":{"line":175,"column":null}},"line":155},"9":{"name":"resendEmailVerification","decl":{"start":{"line":177,"column":15},"end":{"line":177,"column":38}},"loc":{"start":{"line":177,"column":55},"end":{"line":211,"column":null}},"line":177}},"branchMap":{"0":{"loc":{"start":{"line":51,"column":8},"end":{"line":53,"column":null}},"type":"if","locations":[{"start":{"line":51,"column":8},"end":{"line":53,"column":null}},{"start":{},"end":{}}],"line":51},"1":{"loc":{"start":{"line":55,"column":8},"end":{"line":57,"column":null}},"type":"if","locations":[{"start":{"line":55,"column":8},"end":{"line":57,"column":null}},{"start":{},"end":{}}],"line":55},"2":{"loc":{"start":{"line":69,"column":8},"end":{"line":71,"column":null}},"type":"if","locations":[{"start":{"line":69,"column":8},"end":{"line":71,"column":null}},{"start":{},"end":{}}],"line":69},"3":{"loc":{"start":{"line":89,"column":8},"end":{"line":91,"column":null}},"type":"if","locations":[{"start":{"line":89,"column":8},"end":{"line":91,"column":null}},{"start":{},"end":{}}],"line":89},"4":{"loc":{"start":{"line":138,"column":8},"end":{"line":143,"column":null}},"type":"if","locations":[{"start":{"line":138,"column":8},"end":{"line":143,"column":null}},{"start":{},"end":{}}],"line":138},"5":{"loc":{"start":{"line":138,"column":12},"end":{"line":138,"column":44}},"type":"binary-expr","locations":[{"start":{"line":138,"column":12},"end":{"line":138,"column":28}},{"start":{"line":138,"column":32},"end":{"line":138,"column":44}}],"line":138},"6":{"loc":{"start":{"line":160,"column":8},"end":{"line":165,"column":null}},"type":"if","locations":[{"start":{"line":160,"column":8},"end":{"line":165,"column":null}},{"start":{},"end":{}}],"line":160},"7":{"loc":{"start":{"line":182,"column":8},"end":{"line":187,"column":null}},"type":"if","locations":[{"start":{"line":182,"column":8},"end":{"line":187,"column":null}},{"start":{},"end":{}}],"line":182},"8":{"loc":{"start":{"line":189,"column":8},"end":{"line":194,"column":null}},"type":"if","locations":[{"start":{"line":189,"column":8},"end":{"line":194,"column":null}},{"start":{},"end":{}}],"line":189}},"s":{"0":3,"1":3,"2":3,"3":3,"4":0,"5":3,"6":0,"7":0,"8":0,"9":0,"10":0,"11":0,"12":0,"13":0,"14":0,"15":0,"16":0,"17":0,"18":0,"19":0,"20":0,"21":0,"22":0,"23":0,"24":0,"25":0,"26":0,"27":0,"28":0,"29":0,"30":0,"31":0,"32":0,"33":0,"34":0,"35":0,"36":0,"37":0,"38":0,"39":0,"40":0,"41":0,"42":0,"43":0,"44":0,"45":0,"46":0,"47":0,"48":0,"49":0,"50":0,"51":0,"52":0,"53":0,"54":0,"55":0,"56":0,"57":0,"58":0,"59":0,"60":0,"61":0,"62":0,"63":0,"64":0,"65":0,"66":0,"67":0,"68":0,"69":0,"70":0},"f":{"0":3,"1":0,"2":0,"3":0,"4":0,"5":0,"6":0,"7":0,"8":0,"9":0},"b":{"0":[0,0],"1":[0,0],"2":[0,0],"3":[0,0],"4":[0,0],"5":[0,0],"6":[0,0],"7":[0,0],"8":[0,0]},"meta":{"lastBranch":9,"lastFunction":10,"lastStatement":71,"seen":{"f:8:15:8:21":0,"s:9:4:27:Infinity":0,"s:10:23:10:59":1,"s:13:8:17:Infinity":2,"s:14:12:14:Infinity":3,"s:16:12:16:Infinity":4,"s:19:8:24:Infinity":5,"s:26:8:26:Infinity":6,"f:31:15:31:20":1,"s:32:4:42:Infinity":7,"s:33:23:33:56":8,"s:34:8:39:Infinity":9,"s:41:8:41:Infinity":10,"f:46:15:46:21":2,"s:47:4:62:Infinity":11,"s:48:22:48:71":12,"s:49:33:49:41":13,"b:51:8:53:Infinity:undefined:undefined:undefined:undefined":0,"s:51:8:53:Infinity":14,"s:52:12:52:Infinity":15,"b:55:8:57:Infinity:undefined:undefined:undefined:undefined":1,"s:55:8:57:Infinity":16,"s:56:12:56:Infinity":17,"s:59:8:59:Infinity":18,"s:61:8:61:Infinity":19,"f:65:15:65:27":3,"s:66:4:82:Infinity":20,"s:67:33:67:41":21,"b:69:8:71:Infinity:undefined:undefined:undefined:undefined":2,"s:69:8:71:Infinity":22,"s:70:12:70:Infinity":23,"s:73:23:73:68":24,"s:74:8:79:Infinity":25,"s:81:8:81:Infinity":26,"f:85:15:85:29":4,"s:86:4:106:Infinity":27,"s:87:26:87:34":28,"b:89:8:91:Infinity:undefined:undefined:undefined:undefined":3,"s:89:8:91:Infinity":29,"s:90:12:90:Infinity":30,"s:93:8:93:Infinity":31,"s:96:8:99:Infinity":32,"s:102:8:105:Infinity":33,"f:109:15:109:26":5,"s:110:4:121:Infinity":34,"s:111:26:111:36":35,"s:113:23:113:59":36,"s:114:8:118:Infinity":37,"s:120:8:120:Infinity":38,"f:124:15:124:29":6,"s:125:4:130:Infinity":39,"s:127:8:127:Infinity":40,"s:129:8:129:Infinity":41,"f:133:15:133:29":7,"s:134:4:152:Infinity":42,"s:135:49:135:57":43,"s:136:23:136:34":44,"b:138:8:143:Infinity:undefined:undefined:undefined:undefined":4,"s:138:8:143:Infinity":45,"b:138:12:138:28:138:32:138:44":5,"s:139:12:142:Infinity":46,"s:145:8:145:Infinity":47,"s:146:8:149:Infinity":48,"s:151:8:151:Infinity":49,"f:155:15:155:28":8,"s:156:4:174:Infinity":50,"s:157:26:157:36":51,"s:158:32:158:40":52,"b:160:8:165:Infinity:undefined:undefined:undefined:undefined":6,"s:160:8:165:Infinity":53,"s:161:12:164:Infinity":54,"s:167:8:167:Infinity":55,"s:168:8:171:Infinity":56,"s:173:8:173:Infinity":57,"f:177:15:177:38":9,"s:178:4:210:Infinity":58,"s:179:23:179:34":59,"s:180:21:180:58":60,"b:182:8:187:Infinity:undefined:undefined:undefined:undefined":7,"s:182:8:187:Infinity":61,"s:183:12:186:Infinity":62,"b:189:8:194:Infinity:undefined:undefined:undefined:undefined":8,"s:189:8:194:Infinity":63,"s:190:12:193:Infinity":64,"s:196:34:196:85":65,"s:198:8:202:Infinity":66,"s:199:12:199:Infinity":67,"s:201:12:201:Infinity":68,"s:204:8:207:Infinity":69,"s:209:8:209:Infinity":70}}}
,"/home/bhavi/bhavi/setap/project/Backend/src/controllers/budgetControllers.js": {"path":"/home/bhavi/bhavi/setap/project/Backend/src/controllers/budgetControllers.js","statementMap":{"0":{"start":{"line":10,"column":2},"end":{"line":25,"column":null}},"1":{"start":{"line":11,"column":71},"end":{"line":11,"column":79}},"2":{"start":{"line":13,"column":4},"end":{"line":15,"column":null}},"3":{"start":{"line":14,"column":6},"end":{"line":14,"column":null}},"4":{"start":{"line":17,"column":22},"end":{"line":17,"column":96}},"5":{"start":{"line":19,"column":4},"end":{"line":19,"column":null}},"6":{"start":{"line":19,"column":19},"end":{"line":19,"column":null}},"7":{"start":{"line":20,"column":4},"end":{"line":20,"column":null}},"8":{"start":{"line":23,"column":4},"end":{"line":23,"column":null}},"9":{"start":{"line":24,"column":4},"end":{"line":24,"column":null}},"10":{"start":{"line":29,"column":2},"end":{"line":47,"column":null}},"11":{"start":{"line":30,"column":23},"end":{"line":30,"column":33}},"12":{"start":{"line":32,"column":4},"end":{"line":34,"column":null}},"13":{"start":{"line":33,"column":6},"end":{"line":33,"column":null}},"14":{"start":{"line":36,"column":20},"end":{"line":36,"column":52}},"15":{"start":{"line":38,"column":4},"end":{"line":42,"column":null}},"16":{"start":{"line":39,"column":6},"end":{"line":39,"column":null}},"17":{"start":{"line":41,"column":6},"end":{"line":41,"column":null}},"18":{"start":{"line":45,"column":4},"end":{"line":45,"column":null}},"19":{"start":{"line":46,"column":4},"end":{"line":46,"column":null}},"20":{"start":{"line":51,"column":2},"end":{"line":70,"column":null}},"21":{"start":{"line":52,"column":25},"end":{"line":52,"column":35}},"22":{"start":{"line":53,"column":23},"end":{"line":53,"column":31}},"23":{"start":{"line":55,"column":4},"end":{"line":57,"column":null}},"24":{"start":{"line":56,"column":8},"end":{"line":56,"column":null}},"25":{"start":{"line":59,"column":26},"end":{"line":59,"column":62}},"26":{"start":{"line":60,"column":4},"end":{"line":60,"column":null}},"27":{"start":{"line":61,"column":4},"end":{"line":65,"column":null}},"28":{"start":{"line":62,"column":6},"end":{"line":62,"column":null}},"29":{"start":{"line":64,"column":6},"end":{"line":64,"column":null}},"30":{"start":{"line":68,"column":4},"end":{"line":68,"column":null}},"31":{"start":{"line":69,"column":4},"end":{"line":69,"column":null}},"32":{"start":{"line":74,"column":2},"end":{"line":90,"column":null}},"33":{"start":{"line":75,"column":25},"end":{"line":75,"column":35}},"34":{"start":{"line":77,"column":4},"end":{"line":77,"column":null}},"35":{"start":{"line":77,"column":19},"end":{"line":77,"column":null}},"36":{"start":{"line":79,"column":26},"end":{"line":79,"column":54}},"37":{"start":{"line":80,"column":4},"end":{"line":80,"column":null}},"38":{"start":{"line":81,"column":4},"end":{"line":85,"column":5}},"39":{"start":{"line":82,"column":6},"end":{"line":82,"column":null}},"40":{"start":{"line":84,"column":6},"end":{"line":84,"column":null}},"41":{"start":{"line":88,"column":4},"end":{"line":88,"column":null}},"42":{"start":{"line":89,"column":4},"end":{"line":89,"column":null}}},"fnMap":{"0":{"name":"addBudget","decl":{"start":{"line":9,"column":22},"end":{"line":9,"column":31}},"loc":{"start":{"line":9,"column":42},"end":{"line":26,"column":null}},"line":9},"1":{"name":"getBudgets","decl":{"start":{"line":28,"column":22},"end":{"line":28,"column":32}},"loc":{"start":{"line":28,"column":43},"end":{"line":48,"column":null}},"line":28},"2":{"name":"updateExistingBudget","decl":{"start":{"line":50,"column":22},"end":{"line":50,"column":42}},"loc":{"start":{"line":50,"column":53},"end":{"line":71,"column":null}},"line":50},"3":{"name":"removeBudget","decl":{"start":{"line":73,"column":22},"end":{"line":73,"column":34}},"loc":{"start":{"line":73,"column":45},"end":{"line":91,"column":null}},"line":73}},"branchMap":{"0":{"loc":{"start":{"line":13,"column":4},"end":{"line":15,"column":null}},"type":"if","locations":[{"start":{"line":13,"column":4},"end":{"line":15,"column":null}},{"start":{},"end":{}}],"line":13},"1":{"loc":{"start":{"line":13,"column":8},"end":{"line":13,"column":63}},"type":"binary-expr","locations":[{"start":{"line":13,"column":8},"end":{"line":13,"column":15}},{"start":{"line":13,"column":19},"end":{"line":13,"column":30}},{"start":{"line":13,"column":34},"end":{"line":13,"column":63}}],"line":13},"2":{"loc":{"start":{"line":19,"column":4},"end":{"line":19,"column":null}},"type":"if","locations":[{"start":{"line":19,"column":4},"end":{"line":19,"column":null}},{"start":{},"end":{}}],"line":19},"3":{"loc":{"start":{"line":32,"column":4},"end":{"line":34,"column":null}},"type":"if","locations":[{"start":{"line":32,"column":4},"end":{"line":34,"column":null}},{"start":{},"end":{}}],"line":32},"4":{"loc":{"start":{"line":38,"column":4},"end":{"line":42,"column":null}},"type":"if","locations":[{"start":{"line":38,"column":4},"end":{"line":42,"column":null}},{"start":{"line":40,"column":11},"end":{"line":42,"column":null}}],"line":38},"5":{"loc":{"start":{"line":55,"column":4},"end":{"line":57,"column":null}},"type":"if","locations":[{"start":{"line":55,"column":4},"end":{"line":57,"column":null}},{"start":{},"end":{}}],"line":55},"6":{"loc":{"start":{"line":55,"column":8},"end":{"line":55,"column":50}},"type":"binary-expr","locations":[{"start":{"line":55,"column":8},"end":{"line":55,"column":17}},{"start":{"line":55,"column":21},"end":{"line":55,"column":50}}],"line":55},"7":{"loc":{"start":{"line":61,"column":4},"end":{"line":65,"column":null}},"type":"if","locations":[{"start":{"line":61,"column":4},"end":{"line":65,"column":null}},{"start":{"line":63,"column":10},"end":{"line":65,"column":null}}],"line":61},"8":{"loc":{"start":{"line":77,"column":4},"end":{"line":77,"column":null}},"type":"if","locations":[{"start":{"line":77,"column":4},"end":{"line":77,"column":null}},{"start":{},"end":{}}],"line":77},"9":{"loc":{"start":{"line":81,"column":4},"end":{"line":85,"column":5}},"type":"if","locations":[{"start":{"line":81,"column":4},"end":{"line":85,"column":5}},{"start":{"line":83,"column":10},"end":{"line":85,"column":5}}],"line":81}},"s":{"0":4,"1":4,"2":4,"3":3,"4":1,"5":1,"6":1,"7":0,"8":0,"9":0,"10":2,"11":2,"12":2,"13":0,"14":2,"15":2,"16":2,"17":0,"18":0,"19":0,"20":3,"21":3,"22":3,"23":3,"24":1,"25":2,"26":2,"27":2,"28":1,"29":1,"30":0,"31":0,"32":2,"33":2,"34":2,"35":0,"36":2,"37":2,"38":2,"39":1,"40":1,"41":0,"42":0},"f":{"0":4,"1":2,"2":3,"3":2},"b":{"0":[3,1],"1":[4,3,2],"2":[1,0],"3":[0,2],"4":[2,0],"5":[1,2],"6":[3,3],"7":[1,1],"8":[0,2],"9":[1,1]},"meta":{"lastBranch":10,"lastFunction":4,"lastStatement":43,"seen":{"f:9:22:9:31":0,"s:10:2:25:Infinity":0,"s:11:71:11:79":1,"b:13:4:15:Infinity:undefined:undefined:undefined:undefined":0,"s:13:4:15:Infinity":2,"b:13:8:13:15:13:19:13:30:13:34:13:63":1,"s:14:6:14:Infinity":3,"s:17:22:17:96":4,"b:19:4:19:Infinity:undefined:undefined:undefined:undefined":2,"s:19:4:19:Infinity":5,"s:19:19:19:Infinity":6,"s:20:4:20:Infinity":7,"s:23:4:23:Infinity":8,"s:24:4:24:Infinity":9,"f:28:22:28:32":1,"s:29:2:47:Infinity":10,"s:30:23:30:33":11,"b:32:4:34:Infinity:undefined:undefined:undefined:undefined":3,"s:32:4:34:Infinity":12,"s:33:6:33:Infinity":13,"s:36:20:36:52":14,"b:38:4:42:Infinity:40:11:42:Infinity":4,"s:38:4:42:Infinity":15,"s:39:6:39:Infinity":16,"s:41:6:41:Infinity":17,"s:45:4:45:Infinity":18,"s:46:4:46:Infinity":19,"f:50:22:50:42":2,"s:51:2:70:Infinity":20,"s:52:25:52:35":21,"s:53:23:53:31":22,"b:55:4:57:Infinity:undefined:undefined:undefined:undefined":5,"s:55:4:57:Infinity":23,"b:55:8:55:17:55:21:55:50":6,"s:56:8:56:Infinity":24,"s:59:26:59:62":25,"s:60:4:60:Infinity":26,"b:61:4:65:Infinity:63:10:65:Infinity":7,"s:61:4:65:Infinity":27,"s:62:6:62:Infinity":28,"s:64:6:64:Infinity":29,"s:68:4:68:Infinity":30,"s:69:4:69:Infinity":31,"f:73:22:73:34":3,"s:74:2:90:Infinity":32,"s:75:25:75:35":33,"b:77:4:77:Infinity:undefined:undefined:undefined:undefined":8,"s:77:4:77:Infinity":34,"s:77:19:77:Infinity":35,"s:79:26:79:54":36,"s:80:4:80:Infinity":37,"b:81:4:85:5:83:10:85:5":9,"s:81:4:85:5":38,"s:82:6:82:Infinity":39,"s:84:6:84:Infinity":40,"s:88:4:88:Infinity":41,"s:89:4:89:Infinity":42}}}
,"/home/bhavi/bhavi/setap/project/Backend/src/controllers/categoryControllers.js": {"path":"/home/bhavi/bhavi/setap/project/Backend/src/controllers/categoryControllers.js","statementMap":{"0":{"start":{"line":9,"column":2},"end":{"line":24,"column":null}},"1":{"start":{"line":10,"column":40},"end":{"line":10,"column":48}},"2":{"start":{"line":12,"column":4},"end":{"line":14,"column":null}},"3":{"start":{"line":13,"column":6},"end":{"line":13,"column":null}},"4":{"start":{"line":16,"column":27},"end":{"line":16,"column":63}},"5":{"start":{"line":18,"column":4},"end":{"line":18,"column":73}},"6":{"start":{"line":18,"column":23},"end":{"line":18,"column":73}},"7":{"start":{"line":19,"column":4},"end":{"line":19,"column":null}},"8":{"start":{"line":22,"column":4},"end":{"line":22,"column":55}},"9":{"start":{"line":23,"column":4},"end":{"line":23,"column":null}},"10":{"start":{"line":29,"column":2},"end":{"line":40,"column":null}},"11":{"start":{"line":30,"column":24},"end":{"line":30,"column":34}},"12":{"start":{"line":32,"column":23},"end":{"line":32,"column":43}},"13":{"start":{"line":34,"column":4},"end":{"line":34,"column":69}},"14":{"start":{"line":34,"column":20},"end":{"line":34,"column":69}},"15":{"start":{"line":35,"column":4},"end":{"line":35,"column":null}},"16":{"start":{"line":38,"column":4},"end":{"line":38,"column":55}},"17":{"start":{"line":39,"column":4},"end":{"line":39,"column":50}},"18":{"start":{"line":45,"column":2},"end":{"line":57,"column":null}},"19":{"start":{"line":46,"column":23},"end":{"line":46,"column":31}},"20":{"start":{"line":48,"column":4},"end":{"line":48,"column":80}},"21":{"start":{"line":48,"column":16},"end":{"line":48,"column":80}},"22":{"start":{"line":49,"column":26},"end":{"line":49,"column":48}},"23":{"start":{"line":51,"column":4},"end":{"line":51,"column":null}},"24":{"start":{"line":51,"column":23},"end":{"line":51,"column":null}},"25":{"start":{"line":53,"column":4},"end":{"line":53,"column":null}},"26":{"start":{"line":55,"column":4},"end":{"line":55,"column":null}},"27":{"start":{"line":56,"column":4},"end":{"line":56,"column":50}}},"fnMap":{"0":{"name":"createCategory","decl":{"start":{"line":8,"column":22},"end":{"line":8,"column":36}},"loc":{"start":{"line":8,"column":46},"end":{"line":25,"column":null}},"line":8},"1":{"name":"getCategoryByUserId","decl":{"start":{"line":28,"column":22},"end":{"line":28,"column":41}},"loc":{"start":{"line":28,"column":52},"end":{"line":41,"column":null}},"line":28},"2":{"name":"deleteCategory","decl":{"start":{"line":44,"column":22},"end":{"line":44,"column":36}},"loc":{"start":{"line":44,"column":47},"end":{"line":58,"column":null}},"line":44}},"branchMap":{"0":{"loc":{"start":{"line":12,"column":4},"end":{"line":14,"column":null}},"type":"if","locations":[{"start":{"line":12,"column":4},"end":{"line":14,"column":null}},{"start":{},"end":{}}],"line":12},"1":{"loc":{"start":{"line":12,"column":8},"end":{"line":12,"column":36}},"type":"binary-expr","locations":[{"start":{"line":12,"column":8},"end":{"line":12,"column":15}},{"start":{"line":12,"column":19},"end":{"line":12,"column":27}},{"start":{"line":12,"column":31},"end":{"line":12,"column":36}}],"line":12},"2":{"loc":{"start":{"line":18,"column":4},"end":{"line":18,"column":73}},"type":"if","locations":[{"start":{"line":18,"column":4},"end":{"line":18,"column":73}},{"start":{},"end":{}}],"line":18},"3":{"loc":{"start":{"line":34,"column":4},"end":{"line":34,"column":69}},"type":"if","locations":[{"start":{"line":34,"column":4},"end":{"line":34,"column":69}},{"start":{},"end":{}}],"line":34},"4":{"loc":{"start":{"line":48,"column":4},"end":{"line":48,"column":80}},"type":"if","locations":[{"start":{"line":48,"column":4},"end":{"line":48,"column":80}},{"start":{},"end":{}}],"line":48},"5":{"loc":{"start":{"line":51,"column":4},"end":{"line":51,"column":null}},"type":"if","locations":[{"start":{"line":51,"column":4},"end":{"line":51,"column":null}},{"start":{},"end":{}}],"line":51}},"s":{"0":2,"1":2,"2":2,"3":0,"4":2,"5":2,"6":2,"7":0,"8":0,"9":0,"10":1,"11":1,"12":1,"13":1,"14":1,"15":0,"16":0,"17":0,"18":1,"19":1,"20":1,"21":0,"22":1,"23":1,"24":1,"25":0,"26":0,"27":0},"f":{"0":2,"1":1,"2":1},"b":{"0":[0,2],"1":[2,2,2],"2":[2,0],"3":[1,0],"4":[0,1],"5":[1,0]},"meta":{"lastBranch":6,"lastFunction":3,"lastStatement":28,"seen":{"f:8:22:8:36":0,"s:9:2:24:Infinity":0,"s:10:40:10:48":1,"b:12:4:14:Infinity:undefined:undefined:undefined:undefined":0,"s:12:4:14:Infinity":2,"b:12:8:12:15:12:19:12:27:12:31:12:36":1,"s:13:6:13:Infinity":3,"s:16:27:16:63":4,"b:18:4:18:73:undefined:undefined:undefined:undefined":2,"s:18:4:18:73":5,"s:18:23:18:73":6,"s:19:4:19:Infinity":7,"s:22:4:22:55":8,"s:23:4:23:Infinity":9,"f:28:22:28:41":1,"s:29:2:40:Infinity":10,"s:30:24:30:34":11,"s:32:23:32:43":12,"b:34:4:34:69:undefined:undefined:undefined:undefined":3,"s:34:4:34:69":13,"s:34:20:34:69":14,"s:35:4:35:Infinity":15,"s:38:4:38:55":16,"s:39:4:39:50":17,"f:44:22:44:36":2,"s:45:2:57:Infinity":18,"s:46:23:46:31":19,"b:48:4:48:80:undefined:undefined:undefined:undefined":4,"s:48:4:48:80":20,"s:48:16:48:80":21,"s:49:26:49:48":22,"b:51:4:51:Infinity:undefined:undefined:undefined:undefined":5,"s:51:4:51:Infinity":23,"s:51:23:51:Infinity":24,"s:53:4:53:Infinity":25,"s:55:4:55:Infinity":26,"s:56:4:56:50":27}}}
,"/home/bhavi/bhavi/setap/project/Backend/src/controllers/goalsControllers.js": {"path":"/home/bhavi/bhavi/setap/project/Backend/src/controllers/goalsControllers.js","statementMap":{"0":{"start":{"line":10,"column":2},"end":{"line":30,"column":null}},"1":{"start":{"line":11,"column":54},"end":{"line":11,"column":62}},"2":{"start":{"line":13,"column":4},"end":{"line":15,"column":null}},"3":{"start":{"line":14,"column":6},"end":{"line":14,"column":null}},"4":{"start":{"line":17,"column":4},"end":{"line":19,"column":null}},"5":{"start":{"line":18,"column":6},"end":{"line":18,"column":null}},"6":{"start":{"line":21,"column":30},"end":{"line":21,"column":82}},"7":{"start":{"line":23,"column":4},"end":{"line":23,"column":null}},"8":{"start":{"line":23,"column":26},"end":{"line":23,"column":null}},"9":{"start":{"line":25,"column":4},"end":{"line":25,"column":null}},"10":{"start":{"line":28,"column":4},"end":{"line":28,"column":null}},"11":{"start":{"line":29,"column":4},"end":{"line":29,"column":50}},"12":{"start":{"line":35,"column":2},"end":{"line":51,"column":null}},"13":{"start":{"line":36,"column":34},"end":{"line":36,"column":42}},"14":{"start":{"line":38,"column":4},"end":{"line":40,"column":null}},"15":{"start":{"line":39,"column":6},"end":{"line":39,"column":null}},"16":{"start":{"line":42,"column":31},"end":{"line":42,"column":62}},"17":{"start":{"line":44,"column":4},"end":{"line":44,"column":null}},"18":{"start":{"line":44,"column":28},"end":{"line":44,"column":null}},"19":{"start":{"line":46,"column":4},"end":{"line":46,"column":null}},"20":{"start":{"line":49,"column":4},"end":{"line":49,"column":null}},"21":{"start":{"line":50,"column":4},"end":{"line":50,"column":null}},"22":{"start":{"line":56,"column":2},"end":{"line":70,"column":null}},"23":{"start":{"line":57,"column":22},"end":{"line":57,"column":30}},"24":{"start":{"line":59,"column":4},"end":{"line":59,"column":null}},"25":{"start":{"line":59,"column":18},"end":{"line":59,"column":null}},"26":{"start":{"line":61,"column":30},"end":{"line":61,"column":48}},"27":{"start":{"line":63,"column":4},"end":{"line":63,"column":80}},"28":{"start":{"line":63,"column":26},"end":{"line":63,"column":80}},"29":{"start":{"line":65,"column":4},"end":{"line":65,"column":null}},"30":{"start":{"line":68,"column":4},"end":{"line":68,"column":null}},"31":{"start":{"line":69,"column":4},"end":{"line":69,"column":null}}},"fnMap":{"0":{"name":"createGoals","decl":{"start":{"line":9,"column":22},"end":{"line":9,"column":33}},"loc":{"start":{"line":9,"column":43},"end":{"line":31,"column":1}},"line":9},"1":{"name":"updateGoals","decl":{"start":{"line":34,"column":22},"end":{"line":34,"column":33}},"loc":{"start":{"line":34,"column":43},"end":{"line":52,"column":1}},"line":34},"2":{"name":"deleteGoals","decl":{"start":{"line":55,"column":22},"end":{"line":55,"column":33}},"loc":{"start":{"line":55,"column":43},"end":{"line":71,"column":null}},"line":55}},"branchMap":{"0":{"loc":{"start":{"line":13,"column":4},"end":{"line":15,"column":null}},"type":"if","locations":[{"start":{"line":13,"column":4},"end":{"line":15,"column":null}},{"start":{},"end":{}}],"line":13},"1":{"loc":{"start":{"line":13,"column":8},"end":{"line":13,"column":58}},"type":"binary-expr","locations":[{"start":{"line":13,"column":8},"end":{"line":13,"column":15}},{"start":{"line":13,"column":19},"end":{"line":13,"column":28}},{"start":{"line":13,"column":32},"end":{"line":13,"column":45}},{"start":{"line":13,"column":49},"end":{"line":13,"column":58}}],"line":13},"2":{"loc":{"start":{"line":17,"column":4},"end":{"line":19,"column":null}},"type":"if","locations":[{"start":{"line":17,"column":4},"end":{"line":19,"column":null}},{"start":{},"end":{}}],"line":17},"3":{"loc":{"start":{"line":23,"column":4},"end":{"line":23,"column":null}},"type":"if","locations":[{"start":{"line":23,"column":4},"end":{"line":23,"column":null}},{"start":{},"end":{}}],"line":23},"4":{"loc":{"start":{"line":38,"column":4},"end":{"line":40,"column":null}},"type":"if","locations":[{"start":{"line":38,"column":4},"end":{"line":40,"column":null}},{"start":{},"end":{}}],"line":38},"5":{"loc":{"start":{"line":38,"column":8},"end":{"line":38,"column":29}},"type":"binary-expr","locations":[{"start":{"line":38,"column":8},"end":{"line":38,"column":15}},{"start":{"line":38,"column":19},"end":{"line":38,"column":29}}],"line":38},"6":{"loc":{"start":{"line":44,"column":4},"end":{"line":44,"column":null}},"type":"if","locations":[{"start":{"line":44,"column":4},"end":{"line":44,"column":null}},{"start":{},"end":{}}],"line":44},"7":{"loc":{"start":{"line":59,"column":4},"end":{"line":59,"column":null}},"type":"if","locations":[{"start":{"line":59,"column":4},"end":{"line":59,"column":null}},{"start":{},"end":{}}],"line":59},"8":{"loc":{"start":{"line":63,"column":4},"end":{"line":63,"column":80}},"type":"if","locations":[{"start":{"line":63,"column":4},"end":{"line":63,"column":80}},{"start":{},"end":{}}],"line":63}},"s":{"0":6,"1":6,"2":6,"3":4,"4":2,"5":1,"6":1,"7":1,"8":1,"9":0,"10":0,"11":0,"12":3,"13":3,"14":3,"15":2,"16":1,"17":1,"18":1,"19":0,"20":0,"21":0,"22":2,"23":2,"24":2,"25":1,"26":1,"27":1,"28":1,"29":0,"30":1,"31":1},"f":{"0":6,"1":3,"2":2},"b":{"0":[4,2],"1":[6,5,4,3],"2":[1,1],"3":[1,0],"4":[2,1],"5":[3,2],"6":[1,0],"7":[1,1],"8":[1,0]},"meta":{"lastBranch":9,"lastFunction":3,"lastStatement":32,"seen":{"f:9:22:9:33":0,"s:10:2:30:Infinity":0,"s:11:54:11:62":1,"b:13:4:15:Infinity:undefined:undefined:undefined:undefined":0,"s:13:4:15:Infinity":2,"b:13:8:13:15:13:19:13:28:13:32:13:45:13:49:13:58":1,"s:14:6:14:Infinity":3,"b:17:4:19:Infinity:undefined:undefined:undefined:undefined":2,"s:17:4:19:Infinity":4,"s:18:6:18:Infinity":5,"s:21:30:21:82":6,"b:23:4:23:Infinity:undefined:undefined:undefined:undefined":3,"s:23:4:23:Infinity":7,"s:23:26:23:Infinity":8,"s:25:4:25:Infinity":9,"s:28:4:28:Infinity":10,"s:29:4:29:50":11,"f:34:22:34:33":1,"s:35:2:51:Infinity":12,"s:36:34:36:42":13,"b:38:4:40:Infinity:undefined:undefined:undefined:undefined":4,"s:38:4:40:Infinity":14,"b:38:8:38:15:38:19:38:29":5,"s:39:6:39:Infinity":15,"s:42:31:42:62":16,"b:44:4:44:Infinity:undefined:undefined:undefined:undefined":6,"s:44:4:44:Infinity":17,"s:44:28:44:Infinity":18,"s:46:4:46:Infinity":19,"s:49:4:49:Infinity":20,"s:50:4:50:Infinity":21,"f:55:22:55:33":2,"s:56:2:70:Infinity":22,"s:57:22:57:30":23,"b:59:4:59:Infinity:undefined:undefined:undefined:undefined":7,"s:59:4:59:Infinity":24,"s:59:18:59:Infinity":25,"s:61:30:61:48":26,"b:63:4:63:80:undefined:undefined:undefined:undefined":8,"s:63:4:63:80":27,"s:63:26:63:80":28,"s:65:4:65:Infinity":29,"s:68:4:68:Infinity":30,"s:69:4:69:Infinity":31}}}
,"/home/bhavi/bhavi/setap/project/Backend/src/controllers/notificationControllers.js": {"path":"/home/bhavi/bhavi/setap/project/Backend/src/controllers/notificationControllers.js","statementMap":{"0":{"start":{"line":13,"column":2},"end":{"line":28,"column":null}},"1":{"start":{"line":14,"column":38},"end":{"line":14,"column":46}},"2":{"start":{"line":16,"column":4},"end":{"line":18,"column":null}},"3":{"start":{"line":17,"column":6},"end":{"line":17,"column":null}},"4":{"start":{"line":20,"column":28},"end":{"line":20,"column":75}},"5":{"start":{"line":22,"column":4},"end":{"line":22,"column":null}},"6":{"start":{"line":22,"column":25},"end":{"line":22,"column":null}},"7":{"start":{"line":23,"column":4},"end":{"line":23,"column":null}},"8":{"start":{"line":26,"column":4},"end":{"line":26,"column":null}},"9":{"start":{"line":27,"column":4},"end":{"line":27,"column":null}},"10":{"start":{"line":32,"column":2},"end":{"line":47,"column":null}},"11":{"start":{"line":33,"column":23},"end":{"line":33,"column":33}},"12":{"start":{"line":35,"column":4},"end":{"line":37,"column":null}},"13":{"start":{"line":36,"column":6},"end":{"line":36,"column":null}},"14":{"start":{"line":39,"column":26},"end":{"line":39,"column":64}},"15":{"start":{"line":41,"column":4},"end":{"line":41,"column":null}},"16":{"start":{"line":41,"column":23},"end":{"line":41,"column":null}},"17":{"start":{"line":42,"column":4},"end":{"line":42,"column":null}},"18":{"start":{"line":45,"column":4},"end":{"line":45,"column":null}},"19":{"start":{"line":46,"column":4},"end":{"line":46,"column":null}},"20":{"start":{"line":51,"column":2},"end":{"line":66,"column":null}},"21":{"start":{"line":52,"column":31},"end":{"line":52,"column":41}},"22":{"start":{"line":54,"column":4},"end":{"line":56,"column":null}},"23":{"start":{"line":55,"column":8},"end":{"line":55,"column":null}},"24":{"start":{"line":58,"column":32},"end":{"line":58,"column":64}},"25":{"start":{"line":60,"column":4},"end":{"line":60,"column":null}},"26":{"start":{"line":60,"column":29},"end":{"line":60,"column":null}},"27":{"start":{"line":61,"column":4},"end":{"line":61,"column":null}},"28":{"start":{"line":64,"column":4},"end":{"line":64,"column":null}},"29":{"start":{"line":65,"column":4},"end":{"line":65,"column":null}},"30":{"start":{"line":70,"column":2},"end":{"line":83,"column":null}},"31":{"start":{"line":71,"column":31},"end":{"line":71,"column":41}},"32":{"start":{"line":73,"column":4},"end":{"line":73,"column":null}},"33":{"start":{"line":73,"column":25},"end":{"line":73,"column":null}},"34":{"start":{"line":75,"column":32},"end":{"line":75,"column":72}},"35":{"start":{"line":77,"column":4},"end":{"line":77,"column":null}},"36":{"start":{"line":77,"column":29},"end":{"line":77,"column":null}},"37":{"start":{"line":79,"column":4},"end":{"line":79,"column":null}},"38":{"start":{"line":81,"column":4},"end":{"line":81,"column":null}},"39":{"start":{"line":82,"column":4},"end":{"line":82,"column":null}}},"fnMap":{"0":{"name":"addNotification","decl":{"start":{"line":12,"column":22},"end":{"line":12,"column":37}},"loc":{"start":{"line":12,"column":48},"end":{"line":29,"column":null}},"line":12},"1":{"name":"getNotifications","decl":{"start":{"line":31,"column":22},"end":{"line":31,"column":38}},"loc":{"start":{"line":31,"column":49},"end":{"line":48,"column":null}},"line":31},"2":{"name":"markNotificationRead","decl":{"start":{"line":50,"column":22},"end":{"line":50,"column":42}},"loc":{"start":{"line":50,"column":53},"end":{"line":67,"column":null}},"line":50},"3":{"name":"removeNotification","decl":{"start":{"line":69,"column":22},"end":{"line":69,"column":40}},"loc":{"start":{"line":69,"column":51},"end":{"line":84,"column":null}},"line":69}},"branchMap":{"0":{"loc":{"start":{"line":16,"column":4},"end":{"line":18,"column":null}},"type":"if","locations":[{"start":{"line":16,"column":4},"end":{"line":18,"column":null}},{"start":{},"end":{}}],"line":16},"1":{"loc":{"start":{"line":16,"column":8},"end":{"line":16,"column":36}},"type":"binary-expr","locations":[{"start":{"line":16,"column":8},"end":{"line":16,"column":15}},{"start":{"line":16,"column":19},"end":{"line":16,"column":24}},{"start":{"line":16,"column":28},"end":{"line":16,"column":36}}],"line":16},"2":{"loc":{"start":{"line":22,"column":4},"end":{"line":22,"column":null}},"type":"if","locations":[{"start":{"line":22,"column":4},"end":{"line":22,"column":null}},{"start":{},"end":{}}],"line":22},"3":{"loc":{"start":{"line":35,"column":4},"end":{"line":37,"column":null}},"type":"if","locations":[{"start":{"line":35,"column":4},"end":{"line":37,"column":null}},{"start":{},"end":{}}],"line":35},"4":{"loc":{"start":{"line":41,"column":4},"end":{"line":41,"column":null}},"type":"if","locations":[{"start":{"line":41,"column":4},"end":{"line":41,"column":null}},{"start":{},"end":{}}],"line":41},"5":{"loc":{"start":{"line":54,"column":4},"end":{"line":56,"column":null}},"type":"if","locations":[{"start":{"line":54,"column":4},"end":{"line":56,"column":null}},{"start":{},"end":{}}],"line":54},"6":{"loc":{"start":{"line":60,"column":4},"end":{"line":60,"column":null}},"type":"if","locations":[{"start":{"line":60,"column":4},"end":{"line":60,"column":null}},{"start":{},"end":{}}],"line":60},"7":{"loc":{"start":{"line":73,"column":4},"end":{"line":73,"column":null}},"type":"if","locations":[{"start":{"line":73,"column":4},"end":{"line":73,"column":null}},{"start":{},"end":{}}],"line":73},"8":{"loc":{"start":{"line":77,"column":4},"end":{"line":77,"column":null}},"type":"if","locations":[{"start":{"line":77,"column":4},"end":{"line":77,"column":null}},{"start":{},"end":{}}],"line":77}},"s":{"0":0,"1":0,"2":0,"3":0,"4":0,"5":0,"6":0,"7":0,"8":0,"9":0,"10":0,"11":0,"12":0,"13":0,"14":0,"15":0,"16":0,"17":0,"18":0,"19":0,"20":0,"21":0,"22":0,"23":0,"24":0,"25":0,"26":0,"27":0,"28":0,"29":0,"30":0,"31":0,"32":0,"33":0,"34":0,"35":0,"36":0,"37":0,"38":0,"39":0},"f":{"0":0,"1":0,"2":0,"3":0},"b":{"0":[0,0],"1":[0,0,0],"2":[0,0],"3":[0,0],"4":[0,0],"5":[0,0],"6":[0,0],"7":[0,0],"8":[0,0]},"meta":{"lastBranch":9,"lastFunction":4,"lastStatement":40,"seen":{"f:12:22:12:37":0,"s:13:2:28:Infinity":0,"s:14:38:14:46":1,"b:16:4:18:Infinity:undefined:undefined:undefined:undefined":0,"s:16:4:18:Infinity":2,"b:16:8:16:15:16:19:16:24:16:28:16:36":1,"s:17:6:17:Infinity":3,"s:20:28:20:75":4,"b:22:4:22:Infinity:undefined:undefined:undefined:undefined":2,"s:22:4:22:Infinity":5,"s:22:25:22:Infinity":6,"s:23:4:23:Infinity":7,"s:26:4:26:Infinity":8,"s:27:4:27:Infinity":9,"f:31:22:31:38":1,"s:32:2:47:Infinity":10,"s:33:23:33:33":11,"b:35:4:37:Infinity:undefined:undefined:undefined:undefined":3,"s:35:4:37:Infinity":12,"s:36:6:36:Infinity":13,"s:39:26:39:64":14,"b:41:4:41:Infinity:undefined:undefined:undefined:undefined":4,"s:41:4:41:Infinity":15,"s:41:23:41:Infinity":16,"s:42:4:42:Infinity":17,"s:45:4:45:Infinity":18,"s:46:4:46:Infinity":19,"f:50:22:50:42":2,"s:51:2:66:Infinity":20,"s:52:31:52:41":21,"b:54:4:56:Infinity:undefined:undefined:undefined:undefined":5,"s:54:4:56:Infinity":22,"s:55:8:55:Infinity":23,"s:58:32:58:64":24,"b:60:4:60:Infinity:undefined:undefined:undefined:undefined":6,"s:60:4:60:Infinity":25,"s:60:29:60:Infinity":26,"s:61:4:61:Infinity":27,"s:64:4:64:Infinity":28,"s:65:4:65:Infinity":29,"f:69:22:69:40":3,"s:70:2:83:Infinity":30,"s:71:31:71:41":31,"b:73:4:73:Infinity:undefined:undefined:undefined:undefined":7,"s:73:4:73:Infinity":32,"s:73:25:73:Infinity":33,"s:75:32:75:72":34,"b:77:4:77:Infinity:undefined:undefined:undefined:undefined":8,"s:77:4:77:Infinity":35,"s:77:29:77:Infinity":36,"s:79:4:79:Infinity":37,"s:81:4:81:Infinity":38,"s:82:4:82:Infinity":39}}}
,"/home/bhavi/bhavi/setap/project/Backend/src/controllers/transactionControllers.js": {"path":"/home/bhavi/bhavi/setap/project/Backend/src/controllers/transactionControllers.js","statementMap":{"0":{"start":{"line":9,"column":2},"end":{"line":24,"column":null}},"1":{"start":{"line":10,"column":62},"end":{"line":10,"column":70}},"2":{"start":{"line":12,"column":4},"end":{"line":14,"column":null}},"3":{"start":{"line":13,"column":6},"end":{"line":13,"column":null}},"4":{"start":{"line":16,"column":27},"end":{"line":16,"column":97}},"5":{"start":{"line":18,"column":4},"end":{"line":18,"column":null}},"6":{"start":{"line":18,"column":24},"end":{"line":18,"column":null}},"7":{"start":{"line":19,"column":4},"end":{"line":19,"column":null}},"8":{"start":{"line":22,"column":4},"end":{"line":22,"column":null}},"9":{"start":{"line":23,"column":4},"end":{"line":23,"column":null}},"10":{"start":{"line":28,"column":2},"end":{"line":43,"column":null}},"11":{"start":{"line":29,"column":23},"end":{"line":29,"column":33}},"12":{"start":{"line":31,"column":4},"end":{"line":33,"column":null}},"13":{"start":{"line":32,"column":6},"end":{"line":32,"column":null}},"14":{"start":{"line":35,"column":25},"end":{"line":35,"column":62}},"15":{"start":{"line":37,"column":4},"end":{"line":37,"column":null}},"16":{"start":{"line":37,"column":22},"end":{"line":37,"column":null}},"17":{"start":{"line":38,"column":4},"end":{"line":38,"column":null}},"18":{"start":{"line":41,"column":4},"end":{"line":41,"column":null}},"19":{"start":{"line":42,"column":4},"end":{"line":42,"column":null}},"20":{"start":{"line":47,"column":2},"end":{"line":60,"column":null}},"21":{"start":{"line":48,"column":26},"end":{"line":48,"column":48}},"22":{"start":{"line":50,"column":4},"end":{"line":50,"column":null}},"23":{"start":{"line":50,"column":24},"end":{"line":50,"column":null}},"24":{"start":{"line":52,"column":31},"end":{"line":52,"column":69}},"25":{"start":{"line":54,"column":4},"end":{"line":54,"column":null}},"26":{"start":{"line":54,"column":28},"end":{"line":54,"column":null}},"27":{"start":{"line":56,"column":4},"end":{"line":56,"column":null}},"28":{"start":{"line":58,"column":4},"end":{"line":58,"column":null}},"29":{"start":{"line":59,"column":4},"end":{"line":59,"column":null}}},"fnMap":{"0":{"name":"createTrx","decl":{"start":{"line":8,"column":22},"end":{"line":8,"column":31}},"loc":{"start":{"line":8,"column":42},"end":{"line":25,"column":null}},"line":8},"1":{"name":"getTrxByUserId","decl":{"start":{"line":27,"column":22},"end":{"line":27,"column":36}},"loc":{"start":{"line":27,"column":47},"end":{"line":44,"column":null}},"line":27},"2":{"name":"deleteTrx","decl":{"start":{"line":46,"column":22},"end":{"line":46,"column":31}},"loc":{"start":{"line":46,"column":42},"end":{"line":61,"column":null}},"line":46}},"branchMap":{"0":{"loc":{"start":{"line":12,"column":4},"end":{"line":14,"column":null}},"type":"if","locations":[{"start":{"line":12,"column":4},"end":{"line":14,"column":null}},{"start":{},"end":{}}],"line":12},"1":{"loc":{"start":{"line":12,"column":8},"end":{"line":12,"column":63}},"type":"binary-expr","locations":[{"start":{"line":12,"column":8},"end":{"line":12,"column":15}},{"start":{"line":12,"column":19},"end":{"line":12,"column":30}},{"start":{"line":12,"column":34},"end":{"line":12,"column":63}}],"line":12},"2":{"loc":{"start":{"line":18,"column":4},"end":{"line":18,"column":null}},"type":"if","locations":[{"start":{"line":18,"column":4},"end":{"line":18,"column":null}},{"start":{},"end":{}}],"line":18},"3":{"loc":{"start":{"line":31,"column":4},"end":{"line":33,"column":null}},"type":"if","locations":[{"start":{"line":31,"column":4},"end":{"line":33,"column":null}},{"start":{},"end":{}}],"line":31},"4":{"loc":{"start":{"line":37,"column":4},"end":{"line":37,"column":null}},"type":"if","locations":[{"start":{"line":37,"column":4},"end":{"line":37,"column":null}},{"start":{},"end":{}}],"line":37},"5":{"loc":{"start":{"line":50,"column":4},"end":{"line":50,"column":null}},"type":"if","locations":[{"start":{"line":50,"column":4},"end":{"line":50,"column":null}},{"start":{},"end":{}}],"line":50},"6":{"loc":{"start":{"line":54,"column":4},"end":{"line":54,"column":null}},"type":"if","locations":[{"start":{"line":54,"column":4},"end":{"line":54,"column":null}},{"start":{},"end":{}}],"line":54}},"s":{"0":0,"1":0,"2":0,"3":0,"4":0,"5":0,"6":0,"7":0,"8":0,"9":0,"10":0,"11":0,"12":0,"13":0,"14":0,"15":0,"16":0,"17":0,"18":0,"19":0,"20":0,"21":0,"22":0,"23":0,"24":0,"25":0,"26":0,"27":0,"28":0,"29":0},"f":{"0":0,"1":0,"2":0},"b":{"0":[0,0],"1":[0,0,0],"2":[0,0],"3":[0,0],"4":[0,0],"5":[0,0],"6":[0,0]},"meta":{"lastBranch":7,"lastFunction":3,"lastStatement":30,"seen":{"f:8:22:8:31":0,"s:9:2:24:Infinity":0,"s:10:62:10:70":1,"b:12:4:14:Infinity:undefined:undefined:undefined:undefined":0,"s:12:4:14:Infinity":2,"b:12:8:12:15:12:19:12:30:12:34:12:63":1,"s:13:6:13:Infinity":3,"s:16:27:16:97":4,"b:18:4:18:Infinity:undefined:undefined:undefined:undefined":2,"s:18:4:18:Infinity":5,"s:18:24:18:Infinity":6,"s:19:4:19:Infinity":7,"s:22:4:22:Infinity":8,"s:23:4:23:Infinity":9,"f:27:22:27:36":1,"s:28:2:43:Infinity":10,"s:29:23:29:33":11,"b:31:4:33:Infinity:undefined:undefined:undefined:undefined":3,"s:31:4:33:Infinity":12,"s:32:6:32:Infinity":13,"s:35:25:35:62":14,"b:37:4:37:Infinity:undefined:undefined:undefined:undefined":4,"s:37:4:37:Infinity":15,"s:37:22:37:Infinity":16,"s:38:4:38:Infinity":17,"s:41:4:41:Infinity":18,"s:42:4:42:Infinity":19,"f:46:22:46:31":2,"s:47:2:60:Infinity":20,"s:48:26:48:48":21,"b:50:4:50:Infinity:undefined:undefined:undefined:undefined":5,"s:50:4:50:Infinity":22,"s:50:24:50:Infinity":23,"s:52:31:52:69":24,"b:54:4:54:Infinity:undefined:undefined:undefined:undefined":6,"s:54:4:54:Infinity":25,"s:54:28:54:Infinity":26,"s:56:4:56:Infinity":27,"s:58:4:58:Infinity":28,"s:59:4:59:Infinity":29}}}
,"/home/bhavi/bhavi/setap/project/Backend/src/controllers/userControllers.js": {"path":"/home/bhavi/bhavi/setap/project/Backend/src/controllers/userControllers.js","statementMap":{"0":{"start":{"line":5,"column":2},"end":{"line":26,"column":3}},"1":{"start":{"line":6,"column":20},"end":{"line":6,"column":37}},"2":{"start":{"line":7,"column":21},"end":{"line":7,"column":62}},"3":{"start":{"line":8,"column":4},"end":{"line":8,"column":25}},"4":{"start":{"line":9,"column":4},"end":{"line":9,"column":null}},"5":{"start":{"line":9,"column":16},"end":{"line":9,"column":null}},"6":{"start":{"line":11,"column":4},"end":{"line":11,"column":null}},"7":{"start":{"line":13,"column":4},"end":{"line":13,"column":56}},"8":{"start":{"line":15,"column":4},"end":{"line":21,"column":122}},"9":{"start":{"line":15,"column":41},"end":{"line":15,"column":null}},"10":{"start":{"line":17,"column":9},"end":{"line":21,"column":122}},"11":{"start":{"line":17,"column":49},"end":{"line":17,"column":105}},"12":{"start":{"line":19,"column":9},"end":{"line":21,"column":122}},"13":{"start":{"line":19,"column":52},"end":{"line":19,"column":null}},"14":{"start":{"line":21,"column":9},"end":{"line":21,"column":122}},"15":{"start":{"line":21,"column":50},"end":{"line":21,"column":122}},"16":{"start":{"line":25,"column":4},"end":{"line":25,"column":null}},"17":{"start":{"line":31,"column":2},"end":{"line":45,"column":null}},"18":{"start":{"line":32,"column":19},"end":{"line":32,"column":36}},"19":{"start":{"line":33,"column":19},"end":{"line":33,"column":50}},"20":{"start":{"line":35,"column":4},"end":{"line":35,"column":101}},"21":{"start":{"line":35,"column":16},"end":{"line":35,"column":101}},"22":{"start":{"line":36,"column":4},"end":{"line":36,"column":39}},"23":{"start":{"line":39,"column":4},"end":{"line":39,"column":51}},"24":{"start":{"line":41,"column":4},"end":{"line":42,"column":null}},"25":{"start":{"line":41,"column":40},"end":{"line":41,"column":94}},"26":{"start":{"line":42,"column":9},"end":{"line":42,"column":null}},"27":{"start":{"line":42,"column":48},"end":{"line":42,"column":null}},"28":{"start":{"line":44,"column":4},"end":{"line":44,"column":null}}},"fnMap":{"0":{"name":"updateUser","decl":{"start":{"line":4,"column":22},"end":{"line":4,"column":32}},"loc":{"start":{"line":4,"column":42},"end":{"line":27,"column":1}},"line":4},"1":{"name":"deleteUser","decl":{"start":{"line":30,"column":22},"end":{"line":30,"column":32}},"loc":{"start":{"line":30,"column":42},"end":{"line":46,"column":null}},"line":30}},"branchMap":{"0":{"loc":{"start":{"line":9,"column":4},"end":{"line":9,"column":null}},"type":"if","locations":[{"start":{"line":9,"column":4},"end":{"line":9,"column":null}},{"start":{},"end":{}}],"line":9},"1":{"loc":{"start":{"line":15,"column":4},"end":{"line":21,"column":122}},"type":"if","locations":[{"start":{"line":15,"column":4},"end":{"line":21,"column":122}},{"start":{"line":17,"column":9},"end":{"line":21,"column":122}}],"line":15},"2":{"loc":{"start":{"line":17,"column":9},"end":{"line":21,"column":122}},"type":"if","locations":[{"start":{"line":17,"column":9},"end":{"line":21,"column":122}},{"start":{"line":19,"column":9},"end":{"line":21,"column":122}}],"line":17},"3":{"loc":{"start":{"line":19,"column":9},"end":{"line":21,"column":122}},"type":"if","locations":[{"start":{"line":19,"column":9},"end":{"line":21,"column":122}},{"start":{"line":21,"column":9},"end":{"line":21,"column":122}}],"line":19},"4":{"loc":{"start":{"line":21,"column":9},"end":{"line":21,"column":122}},"type":"if","locations":[{"start":{"line":21,"column":9},"end":{"line":21,"column":122}},{"start":{},"end":{}}],"line":21},"5":{"loc":{"start":{"line":35,"column":4},"end":{"line":35,"column":101}},"type":"if","locations":[{"start":{"line":35,"column":4},"end":{"line":35,"column":101}},{"start":{},"end":{}}],"line":35},"6":{"loc":{"start":{"line":41,"column":4},"end":{"line":42,"column":null}},"type":"if","locations":[{"start":{"line":41,"column":4},"end":{"line":42,"column":null}},{"start":{"line":42,"column":9},"end":{"line":42,"column":null}}],"line":41},"7":{"loc":{"start":{"line":42,"column":9},"end":{"line":42,"column":null}},"type":"if","locations":[{"start":{"line":42,"column":9},"end":{"line":42,"column":null}},{"start":{},"end":{}}],"line":42}},"s":{"0":4,"1":4,"2":4,"3":2,"4":2,"5":2,"6":0,"7":2,"8":2,"9":0,"10":2,"11":1,"12":1,"13":0,"14":1,"15":1,"16":0,"17":4,"18":4,"19":4,"20":4,"21":4,"22":0,"23":0,"24":0,"25":0,"26":0,"27":0,"28":0},"f":{"0":4,"1":4},"b":{"0":[2,0],"1":[0,2],"2":[1,1],"3":[0,1],"4":[1,0],"5":[4,0],"6":[0,0],"7":[0,0]},"meta":{"lastBranch":8,"lastFunction":2,"lastStatement":29,"seen":{"f:4:22:4:32":0,"s:5:2:26:3":0,"s:6:20:6:37":1,"s:7:21:7:62":2,"s:8:4:8:25":3,"b:9:4:9:Infinity:undefined:undefined:undefined:undefined":0,"s:9:4:9:Infinity":4,"s:9:16:9:Infinity":5,"s:11:4:11:Infinity":6,"s:13:4:13:56":7,"b:15:4:21:122:17:9:21:122":1,"s:15:4:21:122":8,"s:15:41:15:Infinity":9,"b:17:9:21:122:19:9:21:122":2,"s:17:9:21:122":10,"s:17:49:17:105":11,"b:19:9:21:122:21:9:21:122":3,"s:19:9:21:122":12,"s:19:52:19:Infinity":13,"b:21:9:21:122:undefined:undefined:undefined:undefined":4,"s:21:9:21:122":14,"s:21:50:21:122":15,"s:25:4:25:Infinity":16,"f:30:22:30:32":1,"s:31:2:45:Infinity":17,"s:32:19:32:36":18,"s:33:19:33:50":19,"b:35:4:35:101:undefined:undefined:undefined:undefined":5,"s:35:4:35:101":20,"s:35:16:35:101":21,"s:36:4:36:39":22,"s:39:4:39:51":23,"b:41:4:42:Infinity:42:9:42:Infinity":6,"s:41:4:42:Infinity":24,"s:41:40:41:94":25,"b:42:9:42:Infinity:undefined:undefined:undefined:undefined":7,"s:42:9:42:Infinity":26,"s:42:48:42:Infinity":27,"s:44:4:44:Infinity":28}}}
,"/home/bhavi/bhavi/setap/project/Backend/src/middleware/advancedauth.js": {"path":"/home/bhavi/bhavi/setap/project/Backend/src/middleware/advancedauth.js","statementMap":{"0":{"start":{"line":6,"column":19},"end":{"line":6,"column":59}},"1":{"start":{"line":10,"column":2},"end":{"line":19,"column":null}},"2":{"start":{"line":11,"column":19},"end":{"line":14,"column":5}},"3":{"start":{"line":15,"column":4},"end":{"line":15,"column":null}},"4":{"start":{"line":17,"column":4},"end":{"line":17,"column":null}},"5":{"start":{"line":18,"column":4},"end":{"line":18,"column":null}},"6":{"start":{"line":23,"column":28},"end":{"line":53,"column":1}},"7":{"start":{"line":24,"column":2},"end":{"line":52,"column":null}},"8":{"start":{"line":25,"column":23},"end":{"line":25,"column":54}},"9":{"start":{"line":26,"column":18},"end":{"line":26,"column":79}},"10":{"start":{"line":28,"column":4},"end":{"line":30,"column":null}},"11":{"start":{"line":29,"column":6},"end":{"line":29,"column":null}},"12":{"start":{"line":33,"column":26},"end":{"line":33,"column":57}},"13":{"start":{"line":34,"column":4},"end":{"line":36,"column":null}},"14":{"start":{"line":35,"column":6},"end":{"line":35,"column":null}},"15":{"start":{"line":38,"column":20},"end":{"line":38,"column":49}},"16":{"start":{"line":39,"column":4},"end":{"line":39,"column":23}},"17":{"start":{"line":40,"column":4},"end":{"line":40,"column":22}},"18":{"start":{"line":42,"column":4},"end":{"line":42,"column":null}},"19":{"start":{"line":44,"column":4},"end":{"line":50,"column":null}},"20":{"start":{"line":45,"column":6},"end":{"line":49,"column":null}},"21":{"start":{"line":51,"column":4},"end":{"line":51,"column":null}},"22":{"start":{"line":56,"column":25},"end":{"line":67,"column":1}},"23":{"start":{"line":56,"column":39},"end":{"line":67,"column":1}},"24":{"start":{"line":57,"column":19},"end":{"line":57,"column":43}},"25":{"start":{"line":58,"column":2},"end":{"line":65,"column":null}},"26":{"start":{"line":59,"column":4},"end":{"line":64,"column":null}},"27":{"start":{"line":66,"column":2},"end":{"line":66,"column":null}},"28":{"start":{"line":70,"column":28},"end":{"line":89,"column":1}},"29":{"start":{"line":71,"column":2},"end":{"line":88,"column":null}},"30":{"start":{"line":72,"column":23},"end":{"line":72,"column":54}},"31":{"start":{"line":73,"column":18},"end":{"line":73,"column":79}},"32":{"start":{"line":75,"column":4},"end":{"line":82,"column":null}},"33":{"start":{"line":76,"column":28},"end":{"line":76,"column":59}},"34":{"start":{"line":77,"column":6},"end":{"line":81,"column":null}},"35":{"start":{"line":78,"column":24},"end":{"line":78,"column":53}},"36":{"start":{"line":79,"column":8},"end":{"line":79,"column":null}},"37":{"start":{"line":80,"column":8},"end":{"line":80,"column":null}},"38":{"start":{"line":84,"column":4},"end":{"line":84,"column":null}},"39":{"start":{"line":87,"column":4},"end":{"line":87,"column":null}},"40":{"start":{"line":92,"column":35},"end":{"line":101,"column":2}},"41":{"start":{"line":103,"column":27},"end":{"line":113,"column":2}},"42":{"start":{"line":115,"column":35},"end":{"line":124,"column":2}},"43":{"start":{"line":127,"column":31},"end":{"line":139,"column":1}},"44":{"start":{"line":129,"column":2},"end":{"line":136,"column":null}},"45":{"start":{"line":138,"column":2},"end":{"line":138,"column":null}},"46":{"start":{"line":142,"column":40},"end":{"line":151,"column":1}},"47":{"start":{"line":143,"column":2},"end":{"line":149,"column":null}},"48":{"start":{"line":144,"column":4},"end":{"line":148,"column":null}},"49":{"start":{"line":150,"column":2},"end":{"line":150,"column":null}},"50":{"start":{"line":154,"column":34},"end":{"line":163,"column":1}},"51":{"start":{"line":155,"column":2},"end":{"line":162,"column":null}},"52":{"start":{"line":159,"column":4},"end":{"line":159,"column":null}},"53":{"start":{"line":161,"column":4},"end":{"line":161,"column":null}}},"fnMap":{"0":{"name":"isTokenBlacklisted","decl":{"start":{"line":9,"column":15},"end":{"line":9,"column":33}},"loc":{"start":{"line":9,"column":41},"end":{"line":20,"column":null}},"line":9},"1":{"name":"(anonymous_1)","decl":{"start":{"line":23,"column":28},"end":{"line":23,"column":33}},"loc":{"start":{"line":23,"column":54},"end":{"line":53,"column":1}},"line":23},"2":{"name":"(anonymous_2)","decl":{"start":{"line":56,"column":25},"end":{"line":56,"column":26}},"loc":{"start":{"line":56,"column":39},"end":{"line":67,"column":1}},"line":56},"3":{"name":"(anonymous_3)","decl":{"start":{"line":56,"column":39},"end":{"line":56,"column":40}},"loc":{"start":{"line":56,"column":59},"end":{"line":67,"column":1}},"line":56},"4":{"name":"(anonymous_4)","decl":{"start":{"line":70,"column":28},"end":{"line":70,"column":33}},"loc":{"start":{"line":70,"column":54},"end":{"line":89,"column":1}},"line":70},"5":{"name":"(anonymous_5)","decl":{"start":{"line":127,"column":31},"end":{"line":127,"column":32}},"loc":{"start":{"line":127,"column":51},"end":{"line":139,"column":1}},"line":127},"6":{"name":"(anonymous_6)","decl":{"start":{"line":142,"column":40},"end":{"line":142,"column":41}},"loc":{"start":{"line":142,"column":60},"end":{"line":151,"column":1}},"line":142},"7":{"name":"(anonymous_7)","decl":{"start":{"line":154,"column":34},"end":{"line":154,"column":39}},"loc":{"start":{"line":154,"column":60},"end":{"line":163,"column":1}},"line":154}},"branchMap":{"0":{"loc":{"start":{"line":6,"column":19},"end":{"line":6,"column":59}},"type":"binary-expr","locations":[{"start":{"line":6,"column":19},"end":{"line":6,"column":35}},{"start":{"line":6,"column":39},"end":{"line":6,"column":59}}],"line":6},"1":{"loc":{"start":{"line":25,"column":23},"end":{"line":25,"column":54}},"type":"binary-expr","locations":[{"start":{"line":25,"column":23},"end":{"line":25,"column":48}},{"start":{"line":25,"column":52},"end":{"line":25,"column":54}}],"line":25},"2":{"loc":{"start":{"line":26,"column":18},"end":{"line":26,"column":79}},"type":"cond-expr","locations":[{"start":{"line":26,"column":53},"end":{"line":26,"column":72}},{"start":{"line":26,"column":75},"end":{"line":26,"column":79}}],"line":26},"3":{"loc":{"start":{"line":28,"column":4},"end":{"line":30,"column":null}},"type":"if","locations":[{"start":{"line":28,"column":4},"end":{"line":30,"column":null}},{"start":{},"end":{}}],"line":28},"4":{"loc":{"start":{"line":34,"column":4},"end":{"line":36,"column":null}},"type":"if","locations":[{"start":{"line":34,"column":4},"end":{"line":36,"column":null}},{"start":{},"end":{}}],"line":34},"5":{"loc":{"start":{"line":44,"column":4},"end":{"line":50,"column":null}},"type":"if","locations":[{"start":{"line":44,"column":4},"end":{"line":50,"column":null}},{"start":{},"end":{}}],"line":44},"6":{"loc":{"start":{"line":57,"column":19},"end":{"line":57,"column":43}},"type":"binary-expr","locations":[{"start":{"line":57,"column":19},"end":{"line":57,"column":33}},{"start":{"line":57,"column":37},"end":{"line":57,"column":43}}],"line":57},"7":{"loc":{"start":{"line":58,"column":2},"end":{"line":65,"column":null}},"type":"if","locations":[{"start":{"line":58,"column":2},"end":{"line":65,"column":null}},{"start":{},"end":{}}],"line":58},"8":{"loc":{"start":{"line":72,"column":23},"end":{"line":72,"column":54}},"type":"binary-expr","locations":[{"start":{"line":72,"column":23},"end":{"line":72,"column":48}},{"start":{"line":72,"column":52},"end":{"line":72,"column":54}}],"line":72},"9":{"loc":{"start":{"line":73,"column":18},"end":{"line":73,"column":79}},"type":"cond-expr","locations":[{"start":{"line":73,"column":53},"end":{"line":73,"column":72}},{"start":{"line":73,"column":75},"end":{"line":73,"column":79}}],"line":73},"10":{"loc":{"start":{"line":75,"column":4},"end":{"line":82,"column":null}},"type":"if","locations":[{"start":{"line":75,"column":4},"end":{"line":82,"column":null}},{"start":{},"end":{}}],"line":75},"11":{"loc":{"start":{"line":77,"column":6},"end":{"line":81,"column":null}},"type":"if","locations":[{"start":{"line":77,"column":6},"end":{"line":81,"column":null}},{"start":{},"end":{}}],"line":77},"12":{"loc":{"start":{"line":143,"column":2},"end":{"line":149,"column":null}},"type":"if","locations":[{"start":{"line":143,"column":2},"end":{"line":149,"column":null}},{"start":{},"end":{}}],"line":143}},"s":{"0":4,"1":0,"2":0,"3":0,"4":0,"5":0,"6":4,"7":0,"8":0,"9":0,"10":0,"11":0,"12":0,"13":0,"14":0,"15":0,"16":0,"17":0,"18":0,"19":0,"20":0,"21":0,"22":4,"23":0,"24":0,"25":0,"26":0,"27":0,"28":4,"29":0,"30":0,"31":0,"32":0,"33":0,"34":0,"35":0,"36":0,"37":0,"38":0,"39":0,"40":4,"41":4,"42":4,"43":4,"44":0,"45":0,"46":4,"47":0,"48":0,"49":0,"50":4,"51":0,"52":0,"53":0},"f":{"0":0,"1":0,"2":0,"3":0,"4":0,"5":0,"6":0,"7":0},"b":{"0":[4,0],"1":[0,0],"2":[0,0],"3":[0,0],"4":[0,0],"5":[0,0],"6":[0,0],"7":[0,0],"8":[0,0],"9":[0,0],"10":[0,0],"11":[0,0],"12":[0,0]},"meta":{"lastBranch":13,"lastFunction":8,"lastStatement":54,"seen":{"s:6:19:6:59":0,"b:6:19:6:35:6:39:6:59":0,"f:9:15:9:33":0,"s:10:2:19:Infinity":1,"s:11:19:14:5":2,"s:15:4:15:Infinity":3,"s:17:4:17:Infinity":4,"s:18:4:18:Infinity":5,"s:23:28:53:1":6,"f:23:28:23:33":1,"s:24:2:52:Infinity":7,"s:25:23:25:54":8,"b:25:23:25:48:25:52:25:54":1,"s:26:18:26:79":9,"b:26:53:26:72:26:75:26:79":2,"b:28:4:30:Infinity:undefined:undefined:undefined:undefined":3,"s:28:4:30:Infinity":10,"s:29:6:29:Infinity":11,"s:33:26:33:57":12,"b:34:4:36:Infinity:undefined:undefined:undefined:undefined":4,"s:34:4:36:Infinity":13,"s:35:6:35:Infinity":14,"s:38:20:38:49":15,"s:39:4:39:23":16,"s:40:4:40:22":17,"s:42:4:42:Infinity":18,"b:44:4:50:Infinity:undefined:undefined:undefined:undefined":5,"s:44:4:50:Infinity":19,"s:45:6:49:Infinity":20,"s:51:4:51:Infinity":21,"s:56:25:67:1":22,"f:56:25:56:26":2,"s:56:39:67:1":23,"f:56:39:56:40":3,"s:57:19:57:43":24,"b:57:19:57:33:57:37:57:43":6,"b:58:2:65:Infinity:undefined:undefined:undefined:undefined":7,"s:58:2:65:Infinity":25,"s:59:4:64:Infinity":26,"s:66:2:66:Infinity":27,"s:70:28:89:1":28,"f:70:28:70:33":4,"s:71:2:88:Infinity":29,"s:72:23:72:54":30,"b:72:23:72:48:72:52:72:54":8,"s:73:18:73:79":31,"b:73:53:73:72:73:75:73:79":9,"b:75:4:82:Infinity:undefined:undefined:undefined:undefined":10,"s:75:4:82:Infinity":32,"s:76:28:76:59":33,"b:77:6:81:Infinity:undefined:undefined:undefined:undefined":11,"s:77:6:81:Infinity":34,"s:78:24:78:53":35,"s:79:8:79:Infinity":36,"s:80:8:80:Infinity":37,"s:84:4:84:Infinity":38,"s:87:4:87:Infinity":39,"s:92:35:101:2":40,"s:103:27:113:2":41,"s:115:35:124:2":42,"s:127:31:139:1":43,"f:127:31:127:32":5,"s:129:2:136:Infinity":44,"s:138:2:138:Infinity":45,"s:142:40:151:1":46,"f:142:40:142:41":6,"b:143:2:149:Infinity:undefined:undefined:undefined:undefined":12,"s:143:2:149:Infinity":47,"s:144:4:148:Infinity":48,"s:150:2:150:Infinity":49,"s:154:34:163:1":50,"f:154:34:154:39":7,"s:155:2:162:Infinity":51,"s:159:4:159:Infinity":52,"s:161:4:161:Infinity":53}}}
,"/home/bhavi/bhavi/setap/project/Backend/src/middleware/auth.js": {"path":"/home/bhavi/bhavi/setap/project/Backend/src/middleware/auth.js","statementMap":{"0":{"start":{"line":6,"column":23},"end":{"line":37,"column":1}},"1":{"start":{"line":7,"column":2},"end":{"line":36,"column":null}},"2":{"start":{"line":11,"column":4},"end":{"line":13,"column":null}},"3":{"start":{"line":12,"column":6},"end":{"line":12,"column":null}},"4":{"start":{"line":15,"column":4},"end":{"line":17,"column":null}},"5":{"start":{"line":16,"column":6},"end":{"line":16,"column":null}},"6":{"start":{"line":19,"column":4},"end":{"line":33,"column":null}},"7":{"start":{"line":21,"column":22},"end":{"line":21,"column":57}},"8":{"start":{"line":24,"column":6},"end":{"line":24,"column":null}},"9":{"start":{"line":26,"column":6},"end":{"line":28,"column":null}},"10":{"start":{"line":27,"column":8},"end":{"line":27,"column":null}},"11":{"start":{"line":30,"column":6},"end":{"line":30,"column":null}},"12":{"start":{"line":32,"column":6},"end":{"line":32,"column":null}},"13":{"start":{"line":35,"column":4},"end":{"line":35,"column":null}},"14":{"start":{"line":39,"column":25},"end":{"line":48,"column":1}},"15":{"start":{"line":40,"column":2},"end":{"line":47,"column":null}},"16":{"start":{"line":41,"column":4},"end":{"line":45,"column":null}},"17":{"start":{"line":42,"column":6},"end":{"line":44,"column":null}},"18":{"start":{"line":46,"column":4},"end":{"line":46,"column":null}}},"fnMap":{"0":{"name":"(anonymous_0)","decl":{"start":{"line":6,"column":23},"end":{"line":6,"column":28}},"loc":{"start":{"line":6,"column":49},"end":{"line":37,"column":1}},"line":6},"1":{"name":"(anonymous_1)","decl":{"start":{"line":39,"column":25},"end":{"line":39,"column":26}},"loc":{"start":{"line":39,"column":39},"end":{"line":48,"column":1}},"line":39},"2":{"name":"(anonymous_2)","decl":{"start":{"line":40,"column":9},"end":{"line":40,"column":10}},"loc":{"start":{"line":40,"column":29},"end":{"line":47,"column":3}},"line":40}},"branchMap":{"0":{"loc":{"start":{"line":11,"column":4},"end":{"line":13,"column":null}},"type":"if","locations":[{"start":{"line":11,"column":4},"end":{"line":13,"column":null}},{"start":{},"end":{}}],"line":11},"1":{"loc":{"start":{"line":11,"column":8},"end":{"line":11,"column":83}},"type":"binary-expr","locations":[{"start":{"line":11,"column":8},"end":{"line":11,"column":33}},{"start":{"line":11,"column":37},"end":{"line":11,"column":83}}],"line":11},"2":{"loc":{"start":{"line":15,"column":4},"end":{"line":17,"column":null}},"type":"if","locations":[{"start":{"line":15,"column":4},"end":{"line":17,"column":null}},{"start":{},"end":{}}],"line":15},"3":{"loc":{"start":{"line":26,"column":6},"end":{"line":28,"column":null}},"type":"if","locations":[{"start":{"line":26,"column":6},"end":{"line":28,"column":null}},{"start":{},"end":{}}],"line":26},"4":{"loc":{"start":{"line":41,"column":4},"end":{"line":45,"column":null}},"type":"if","locations":[{"start":{"line":41,"column":4},"end":{"line":45,"column":null}},{"start":{},"end":{}}],"line":41}},"s":{"0":0,"1":0,"2":0,"3":0,"4":0,"5":0,"6":0,"7":0,"8":0,"9":0,"10":0,"11":0,"12":0,"13":0,"14":0,"15":0,"16":0,"17":0,"18":0},"f":{"0":0,"1":0,"2":0},"b":{"0":[0,0],"1":[0,0],"2":[0,0],"3":[0,0],"4":[0,0]},"meta":{"lastBranch":5,"lastFunction":3,"lastStatement":19,"seen":{"s:6:23:37:1":0,"f:6:23:6:28":0,"s:7:2:36:Infinity":1,"b:11:4:13:Infinity:undefined:undefined:undefined:undefined":0,"s:11:4:13:Infinity":2,"b:11:8:11:33:11:37:11:83":1,"s:12:6:12:Infinity":3,"b:15:4:17:Infinity:undefined:undefined:undefined:undefined":2,"s:15:4:17:Infinity":4,"s:16:6:16:Infinity":5,"s:19:4:33:Infinity":6,"s:21:22:21:57":7,"s:24:6:24:Infinity":8,"b:26:6:28:Infinity:undefined:undefined:undefined:undefined":3,"s:26:6:28:Infinity":9,"s:27:8:27:Infinity":10,"s:30:6:30:Infinity":11,"s:32:6:32:Infinity":12,"s:35:4:35:Infinity":13,"s:39:25:48:1":14,"f:39:25:39:26":1,"s:40:2:47:Infinity":15,"f:40:9:40:10":2,"b:41:4:45:Infinity:undefined:undefined:undefined:undefined":4,"s:41:4:45:Infinity":16,"s:42:6:44:Infinity":17,"s:46:4:46:Infinity":18}}}
,"/home/bhavi/bhavi/setap/project/Backend/src/middleware/errorHandler.js": {"path":"/home/bhavi/bhavi/setap/project/Backend/src/middleware/errorHandler.js","statementMap":{"0":{"start":{"line":3,"column":21},"end":{"line":45,"column":null}},"1":{"start":{"line":4,"column":14},"end":{"line":4,"column":null}},"2":{"start":{"line":5,"column":2},"end":{"line":5,"column":null}},"3":{"start":{"line":8,"column":2},"end":{"line":8,"column":null}},"4":{"start":{"line":13,"column":2},"end":{"line":21,"column":null}},"5":{"start":{"line":14,"column":4},"end":{"line":20,"column":null}},"6":{"start":{"line":15,"column":22},"end":{"line":15,"column":null}},"7":{"start":{"line":16,"column":6},"end":{"line":16,"column":null}},"8":{"start":{"line":18,"column":22},"end":{"line":18,"column":null}},"9":{"start":{"line":19,"column":6},"end":{"line":19,"column":null}},"10":{"start":{"line":24,"column":2},"end":{"line":27,"column":null}},"11":{"start":{"line":25,"column":20},"end":{"line":25,"column":null}},"12":{"start":{"line":25,"column":57},"end":{"line":25,"column":68}},"13":{"start":{"line":26,"column":4},"end":{"line":26,"column":null}},"14":{"start":{"line":30,"column":2},"end":{"line":33,"column":null}},"15":{"start":{"line":31,"column":20},"end":{"line":31,"column":null}},"16":{"start":{"line":32,"column":4},"end":{"line":32,"column":null}},"17":{"start":{"line":35,"column":2},"end":{"line":38,"column":null}},"18":{"start":{"line":36,"column":20},"end":{"line":36,"column":null}},"19":{"start":{"line":37,"column":4},"end":{"line":37,"column":null}},"20":{"start":{"line":40,"column":2},"end":{"line":44,"column":null}}},"fnMap":{"0":{"name":"(anonymous_0)","decl":{"start":{"line":3,"column":21},"end":{"line":3,"column":22}},"loc":{"start":{"line":3,"column":46},"end":{"line":45,"column":null}},"line":3},"1":{"name":"(anonymous_1)","decl":{"start":{"line":25,"column":50},"end":{"line":25,"column":57}},"loc":{"start":{"line":25,"column":57},"end":{"line":25,"column":68}},"line":25}},"branchMap":{"0":{"loc":{"start":{"line":13,"column":2},"end":{"line":21,"column":null}},"type":"if","locations":[{"start":{"line":13,"column":2},"end":{"line":21,"column":null}},{"start":{},"end":{}}],"line":13},"1":{"loc":{"start":{"line":14,"column":4},"end":{"line":20,"column":null}},"type":"if","locations":[{"start":{"line":14,"column":4},"end":{"line":20,"column":null}},{"start":{"line":17,"column":11},"end":{"line":20,"column":null}}],"line":14},"2":{"loc":{"start":{"line":24,"column":2},"end":{"line":27,"column":null}},"type":"if"
[...]
:{"0":{"loc":{"start":{"line":8,"column":2},"end":{"line":8,"column":43}},"type":"if","locations":[{"start":{"line":8,"column":2},"end":{"line":8,"column":43}},{"start":{},"end":{}}],"line":8},"1":{"loc":{"start":{"line":12,"column":2},"end":{"line":12,"column":null}},"type":"if","locations":[{"start":{"line":12,"column":2},"end":{"line":12,"column":null}},{"start":{},"end":{}}],"line":12},"2":{"loc":{"start":{"line":14,"column":2},"end":{"line":14,"column":null}},"type":"if","locations":[{"start":{"line":14,"column":2},"end":{"line":14,"column":null}},{"start":{},"end":{}}],"line":14},"3":{"loc":{"start":{"line":16,"column":2},"end":{"line":18,"column":null}},"type":"if","locations":[{"start":{"line":16,"column":2},"end":{"line":18,"column":null}},{"start":{},"end":{}}],"line":16},"4":{"loc":{"start":{"line":23,"column":2},"end":{"line":23,"column":58}},"type":"if","locations":[{"start":{"line":23,"column":2},"end":{"line":23,"column":58}},{"start":{},"end":{}}],"line":23},"5":{"loc":{"start":{"line":32,"column":2},"end":{"line":32,"column":47}},"type":"if","locations":[{"start":{"line":32,"column":2},"end":{"line":32,"column":47}},{"start":{},"end":{}}],"line":32},"6":{"loc":{"start":{"line":35,"column":2},"end":{"line":35,"column":null}},"type":"if","locations":[{"start":{"line":35,"column":2},"end":{"line":35,"column":null}},{"start":{},"end":{}}],"line":35}},"s":{"0":4,"1":4,"2":0,"3":4,"4":4,"5":1,"6":3,"7":3,"8":3,"9":0,"10":3,"11":6,"12":3,"13":1,"14":2,"15":2,"16":4,"17":0,"18":4,"19":4,"20":0,"21":4,"22":4,"23":4,"24":0,"25":0},"f":{"0":4,"1":6,"2":4},"b":{"0":[0,4],"1":[1,3],"2":[0,3],"3":[0,3],"4":[1,2],"5":[0,4],"6":[0,4]},"meta":{"lastBranch":7,"lastFunction":3,"lastStatement":26,"seen":{"s:5:23:5:Infinity":0,"f:7:22:7:39":0,"b:8:2:8:43:undefined:undefined:undefined:undefined":0,"s:8:2:8:43":1,"s:8:11:8:43":2,"s:10:15:10:38":3,"b:12:2:12:Infinity:undefined:undefined:undefined:undefined":1,"s:12:2:12:Infinity":4,"s:12:13:12:Infinity":5,"b:14:2:14:Infinity:undefined:undefined:undefined:undefined":2,"s:14:2:14:Infinity":6,"s:14:35:14:Infinity":7,"b:16:2:18:Infinity:undefined:undefined:undefined:undefined":3,"s:16:2:18:Infinity":8,"s:17:4:17:63":9,"s:21:18:21:83":10,"f:21:46:21:49":1,"s:21:53:21:82":11,"b:23:2:23:58:undefined:undefined:undefined:undefined":4,"s:23:2:23:58":12,"s:23:22:23:58":13,"s:25:17:25:46":14,"s:26:2:26:18":15,"f:31:22:31:39":2,"b:32:2:32:47:undefined:undefined:undefined:undefined":5,"s:32:2:32:47":16,"s:32:15:32:47":17,"s:34:15:34:42":18,"b:35:2:35:Infinity:undefined:undefined:undefined:undefined":6,"s:35:2:35:Infinity":19,"s:35:13:35:Infinity":20,"s:37:2:50:Infinity":21,"s:38:24:44:3":22,"s:46:4:46:27":23,"s:48:4:48:52":24,"s:49:4:49:Infinity":25}}}
,"/home/bhavi/bhavi/setap/project/Backend/src/utils/apiError.js": {"path":"/home/bhavi/bhavi/setap/project/Backend/src/utils/apiError.js","statementMap":{"0":{"start":{"line":3,"column":4},"end":{"line":3,"column":null}},"1":{"start":{"line":4,"column":4},"end":{"line":4,"column":null}},"2":{"start":{"line":5,"column":4},"end":{"line":5,"column":null}},"3":{"start":{"line":7,"column":4},"end":{"line":7,"column":null}}},"fnMap":{"0":{"name":"(anonymous_0)","decl":{"start":{"line":2,"column":2},"end":{"line":2,"column":13}},"loc":{"start":{"line":2,"column":35},"end":{"line":8,"column":null}},"line":2}},"branchMap":{},"s":{"0":0,"1":0,"2":0,"3":0},"f":{"0":0},"b":{},"meta":{"lastBranch":0,"lastFunction":1,"lastStatement":4,"seen":{"f:2:2:2:13":0,"s:3:4:3:Infinity":0,"s:4:4:4:Infinity":1,"s:5:4:5:Infinity":2,"s:7:4:7:Infinity":3}}}
,"/home/bhavi/bhavi/setap/project/Backend/src/utils/constants.js": {"path":"/home/bhavi/bhavi/setap/project/Backend/src/utils/constants.js","statementMap":{"0":{"start":{"line":1,"column":0},"end":{"line":66,"column":null}}},"fnMap":{},"branchMap":{},"s":{"0":0},"f":{},"b":{},"meta":{"lastBranch":0,"lastFunction":0,"lastStatement":1,"seen":{"s:1:0:66:Infinity":0}}}
,"/home/bhavi/bhavi/setap/project/Backend/src/utils/dateHelpers.js": {"path":"/home/bhavi/bhavi/setap/project/Backend/src/utils/dateHelpers.js","statementMap":{"0":{"start":{"line":6,"column":0},"end":{"line":8,"column":null}},"1":{"start":{"line":7,"column":2},"end":{"line":7,"column":null}},"2":{"start":{"line":15,"column":0},"end":{"line":17,"column":null}},"3":{"start":{"line":16,"column":2},"end":{"line":16,"column":null}},"4":{"start":{"line":24,"column":0},"end":{"line":28,"column":null}},"5":{"start":{"line":25,"column":14},"end":{"line":25,"column":27}},"6":{"start":{"line":26,"column":15},"end":{"line":26,"column":58}},"7":{"start":{"line":27,"column":2},"end":{"line":27,"column":null}},"8":{"start":{"line":35,"column":0},"end":{"line":41,"column":null}},"9":{"start":{"line":36,"column":16},"end":{"line":36,"column":38}},"10":{"start":{"line":37,"column":14},"end":{"line":37,"column":29}},"11":{"start":{"line":38,"column":2},"end":{"line":38,"column":null}},"12":{"start":{"line":39,"column":2},"end":{"line":39,"column":null}},"13":{"start":{"line":40,"column":2},"end":{"line":40,"column":null}},"14":{"start":{"line":49,"column":0},"end":{"line":53,"column":null}},"15":{"start":{"line":50,"column":18},"end":{"line":50,"column":32}},"16":{"start":{"line":51,"column":2},"end":{"line":51,"column":null}},"17":{"start":{"line":52,"column":2},"end":{"line":52,"column":null}},"18":{"start":{"line":61,"column":0},"end":{"line":65,"column":null}},"19":{"start":{"line":62,"column":18},"end":{"line":62,"column":32}},"20":{"start":{"line":63,"column":2},"end":{"line":63,"column":null}},"21":{"start":{"line":64,"column":2},"end":{"line":64,"column":null}},"22":{"start":{"line":73,"column":0},"end":{"line":77,"column":null}},"23":{"start":{"line":74,"column":18},"end":{"line":74,"column":32}},"24":{"start":{"line":75,"column":2},"end":{"line":75,"column":null}},"25":{"start":{"line":76,"column":2},"end":{"line":76,"column":null}},"26":{"start":{"line":84,"column":0},"end":{"line":86,"column":null}},"27":{"start":{"line":85,"column":2},"end":{"line":85,"column":null}},"28":{"start":{"line":94,"column":0},"end":{"line":100,"column":null}},"29":{"start":{"line":95,"column":2},"end":{"line":99,"column":null}}},"fnMap":{"0":{"name":"(anonymous_0)","decl":{"start":{"line":6,"column":23},"end":{"line":6,"column":24}},"loc":{"start":{"line":6,"column":33},"end":{"line":8,"column":1}},"line":6},"1":{"name":"(anonymous_1)","decl":{"start":{"line":15,"column":21},"end":{"line":15,"column":22}},"loc":{"start":{"line":15,"column":31},"end":{"line":17,"column":1}},"line":15},"2":{"name":"(anonymous_2)","decl":{"start":{"line":24,"column":22},"end":{"line":24,"column":23}},"loc":{"start":{"line":24,"column":32},"end":{"line":28,"column":1}},"line":24},"3":{"name":"(anonymous_3)","decl":{"start":{"line":35,"column":20},"end":{"line":35,"column":21}},"loc":{"start":{"line":35,"column":30},"end":{"line":41,"column":1}},"line":35},"4":{"name":"(anonymous_4)","decl":{"start":{"line":49,"column":20},"end":{"line":49,"column":21}},"loc":{"start":{"line":49,"column":38},"end":{"line":53,"column":1}},"line":49},"5":{"name":"(anonymous_5)","decl":{"start":{"line":61,"column":20},"end":{"line":61,"column":21}},"loc":{"start":{"line":61,"column":38},"end":{"line":65,"column":1}},"line":61},"6":{"name":"(anonymous_6)","decl":{"start":{"line":73,"column":18},"end":{"line":73,"column":19}},"loc":{"start":{"line":73,"column":34},"end":{"line":77,"column":1}},"line":73},"7":{"name":"(anonymous_7)","decl":{"start":{"line":84,"column":21},"end":{"line":84,"column":22}},"loc":{"start":{"line":84,"column":31},"end":{"line":86,"column":1}},"line":84},"8":{"name":"(anonymous_8)","decl":{"start":{"line":94,"column":20},"end":{"line":94,"column":21}},"loc":{"start":{"line":94,"column":38},"end":{"line":100,"column":1}},"line":94}},"branchMap":{"0":{"loc":{"start":{"line":26,"column":39},"end":{"line":26,"column":57}},"type":"cond-expr","locations":[{"start":{"line":26,"column":51},"end":{"line":26,"column":53}},{"start":{"line":26,"column":56},"end":{"line":26,"column":57}}],"line":26},"1":{"loc":{"start":{"line":96,"column":4},"end":{"line":98,"column":null}},"type":"binary-expr","locations":[{"start":{"line":96,"column":4},"end":{"line":96,"column":47}},{"start":{"line":97,"column":4},"end":{"line":97,"column":41}},{"start":{"line":98,"column":4},"end":{"line":98,"column":null}}],"line":96}},"s":{"0":0,"1":0,"2":0,"3":0,"4":0,"5":0,"6":0,"7":0,"8":0,"9":0,"10":0,"11":0,"12":0,"13":0,"14":0,"15":0,"16":0,"17":0,"18":0,"19":0,"20":0,"21":0,"22":0,"23":0,"24":0,"25":0,"26":0,"27":0,"28":0,"29":0},"f":{"0":0,"1":0,"2":0,"3":0,"4":0,"5":0,"6":0,"7":0,"8":0},"b":{"0":[0,0],"1":[0,0,0]},"meta":{"lastBranch":2,"lastFunction":9,"lastStatement":30,"seen":{"s:6:0:8:Infinity":0,"f:6:23:6:24":0,"s:7:2:7:Infinity":1,"s:15:0:17:Infinity":2,"f:15:21:15:22":1,"s:16:2:16:Infinity":3,"s:24:0:28:Infinity":4,"f:24:22:24:23":2,"s:25:14:25:27":5,"s:26:15:26:58":6,"b:26:51:26:53:26:56:26:57":0,"s:27:2:27:Infinity":7,"s:35:0:41:Infinity":8,"f:35:20:35:21":3,"s:36:16:36:38":9,"s:37:14:37:29":10,"s:38:2:38:Infinity":11,"s:39:2:39:Infinity":12,"s:40:2:40:Infinity":13,"s:49:0:53:Infinity":14,"f:49:20:49:21":4,"s:50:18:50:32":15,"s:51:2:51:Infinity":16,"s:52:2:52:Infinity":17,"s:61:0:65:Infinity":18,"f:61:20:61:21":5,"s:62:18:62:32":19,"s:63:2:63:Infinity":20,"s:64:2:64:Infinity":21,"s:73:0:77:Infinity":22,"f:73:18:73:19":6,"s:74:18:74:32":23,"s:75:2:75:Infinity":24,"s:76:2:76:Infinity":25,"s:84:0:86:Infinity":26,"f:84:21:84:22":7,"s:85:2:85:Infinity":27,"s:94:0:100:Infinity":28,"f:94:20:94:21":8,"s:95:2:99:Infinity":29,"b:96:4:96:47:97:4:97:41:98:4:98:Infinity":1}}}
,"/home/bhavi/bhavi/setap/project/Backend/src/utils/encryption.js": {"path":"/home/bhavi/bhavi/setap/project/Backend/src/utils/encryption.js","statementMap":{"0":{"start":{"line":1,"column":15},"end":{"line":1,"column":32}},"1":{"start":{"line":3,"column":18},"end":{"line":3,"column":31}},"2":{"start":{"line":4,"column":12},"end":{"line":4,"column":64}},"3":{"start":{"line":5,"column":11},"end":{"line":5,"column":33}},"4":{"start":{"line":12,"column":0},"end":{"line":17,"column":null}},"5":{"start":{"line":13,"column":17},"end":{"line":13,"column":71}},"6":{"start":{"line":14,"column":18},"end":{"line":14,"column":37}},"7":{"start":{"line":15,"column":2},"end":{"line":15,"column":null}},"8":{"start":{"line":16,"column":2},"end":{"line":16,"column":null}},"9":{"start":{"line":24,"column":0},"end":{"line":32,"column":null}},"10":{"start":{"line":25,"column":20},"end":{"line":25,"column":35}},"11":{"start":{"line":26,"column":13},"end":{"line":26,"column":50}},"12":{"start":{"line":27,"column":24},"end":{"line":27,"column":63}},"13":{"start":{"line":28,"column":19},"end":{"line":28,"column":75}},"14":{"start":{"line":29,"column":18},"end":{"line":29,"column":48}},"15":{"start":{"line":30,"column":2},"end":{"line":30,"column":null}},"16":{"start":{"line":31,"column":2},"end":{"line":31,"column":null}},"17":{"start":{"line":39,"column":0},"end":{"line":41,"column":null}},"18":{"start":{"line":40,"column":2},"end":{"line":40,"column":null}},"19":{"start":{"line":48,"column":0},"end":{"line":50,"column":null}},"20":{"start":{"line":49,"column":2},"end":{"line":49,"column":null}}},"fnMap":{"0":{"name":"(anonymous_0)","decl":{"start":{"line":12,"column":18},"end":{"line":12,"column":19}},"loc":{"start":{"line":12,"column":28},"end":{"line":17,"column":1}},"line":12},"1":{"name":"(anonymous_1)","decl":{"start":{"line":24,"column":18},"end":{"line":24,"column":19}},"loc":{"start":{"line":24,"column":28},"end":{"line":32,"column":1}},"line":24},"2":{"name":"(anonymous_2)","decl":{"start":{"line":39,"column":15},"end":{"line":39,"column":16}},"loc":{"start":{"line":39,"column":25},"end":{"line":41,"column":1}},"line":39},"3":{"name":"(anonymous_3)","decl":{"start":{"line":48,"column":24},"end":{"line":48,"column":25}},"loc":{"start":{"line":48,"column":41},"end":{"line":50,"column":1}},"line":48}},"branchMap":{"0":{"loc":{"start":{"line":4,"column":12},"end":{"line":4,"column":64}},"type":"binary-expr","locations":[{"start":{"line":4,"column":12},"end":{"line":4,"column":38}},{"start":{"line":4,"column":42},"end":{"line":4,"column":64}}],"line":4},"1":{"loc":{"start":{"line":48,"column":25},"end":{"line":48,"column":36}},"type":"default-arg","locations":[{"start":{"line":48,"column":34},"end":{"line":48,"column":36}}],"line":48}},"s":{"0":0,"1":0,"2":0,"3":0,"4":0,"5":0,"6":0,"7":0,"8":0,"9":0,"10":0,"11":0,"12":0,"13":0,"14":0,"15":0,"16":0,"17":0,"18":0,"19":0,"20":0},"f":{"0":0,"1":0,"2":0,"3":0},"b":{"0":[0,0],"1":[0]},"meta":{"lastBranch":2,"lastFunction":4,"lastStatement":21,"seen":{"s:1:15:1:32":0,"s:3:18:3:31":1,"s:4:12:4:64":2,"b:4:12:4:38:4:42:4:64":0,"s:5:11:5:33":3,"s:12:0:17:Infinity":4,"f:12:18:12:19":0,"s:13:17:13:71":5,"s:14:18:14:37":6,"s:15:2:15:Infinity":7,"s:16:2:16:Infinity":8,"s:24:0:32:Infinity":9,"f:24:18:24:19":1,"s:25:20:25:35":10,"s:26:13:26:50":11,"s:27:24:27:63":12,"s:28:19:28:75":13,"s:29:18:29:48":14,"s:30:2:30:Infinity":15,"s:31:2:31:Infinity":16,"s:39:0:41:Infinity":17,"f:39:15:39:16":2,"s:40:2:40:Infinity":18,"s:48:0:50:Infinity":19,"f:48:24:48:25":3,"b:48:34:48:36":1,"s:49:2:49:Infinity":20}}}
,"/home/bhavi/bhavi/setap/project/Backend/src/utils/responseHandler.js": {"path":"/home/bhavi/bhavi/setap/project/Backend/src/utils/responseHandler.js","statementMap":{"0":{"start":{"line":6,"column":4},"end":{"line":11,"column":null}},"1":{"start":{"line":15,"column":4},"end":{"line":15,"column":null}},"2":{"start":{"line":19,"column":4},"end":{"line":24,"column":null}},"3":{"start":{"line":28,"column":4},"end":{"line":28,"column":null}},"4":{"start":{"line":32,"column":4},"end":{"line":32,"column":null}},"5":{"start":{"line":36,"column":4},"end":{"line":36,"column":null}},"6":{"start":{"line":40,"column":4},"end":{"line":40,"column":null}},"7":{"start":{"line":44,"column":4},"end":{"line":44,"column":null}},"8":{"start":{"line":47,"column":4},"end":{"line":47,"column":null}},"9":{"start":{"line":51,"column":4},"end":{"line":51,"column":null}},"10":{"start":{"line":55,"column":4},"end":{"line":66,"column":null}}},"fnMap":{"0":{"name":"(anonymous_0)","decl":{"start":{"line":5,"column":9},"end":{"line":5,"column":16}},"loc":{"start":{"line":5,"column":74},"end":{"line":12,"column":null}},"line":5},"1":{"name":"(anonymous_1)","decl":{"start":{"line":14,"column":9},"end":{"line":14,"column":16}},"loc":{"start":{"line":14,"column":78},"end":{"line":16,"column":null}},"line":14},"2":{"name":"(anonymous_2)","decl":{"start":{"line":18,"column":9},"end":{"line":18,"column":14}},"loc":{"start":{"line":18,"column":84},"end":{"line":25,"column":null}},"line":18},"3":{"name":"(anonymous_3)","decl":{"start":{"line":27,"column":9},"end":{"line":27,"column":19}},"loc":{"start":{"line":27,"column":65},"end":{"line":29,"column":null}},"line":27},"4":{"name":"(anonymous_4)","decl":{"start":{"line":31,"column":9},"end":{"line":31,"column":21}},"loc":{"start":{"line":31,"column":60},"end":{"line":33,"column":null}},"line":31},"5":{"name":"(anonymous_5)","decl":{"start":{"line":35,"column":9},"end":{"line":35,"column":18}},"loc":{"start":{"line":35,"column":54},"end":{"line":37,"column":null}},"line":35},"6":{"name":"(anonymous_6)","decl":{"start":{"line":39,"column":9},"end":{"line":39,"column":17}},"loc":{"start":{"line":39,"column":55},"end":{"line":41,"column":null}},"line":39},"7":{"name":"(anonymous_7)","decl":{"start":{"line":43,"column":9},"end":{"line":43,"column":17}},"loc":{"start":{"line":43,"column":54},"end":{"line":45,"column":null}},"line":43},"8":{"name":"(anonymous_8)","decl":{"start":{"line":46,"column":7},"end":{"line":46,"column":22}},"loc":{"start":{"line":46,"column":36},"end":{"line":48,"column":null}},"line":46},"9":{"name":"(anonymous_9)","decl":{"start":{"line":50,"column":9},"end":{"line":50,"column":20}},"loc":{"start":{"line":50,"column":61},"end":{"line":52,"column":null}},"line":50},"10":{"name":"(anonymous_10)","decl":{"start":{"line":54,"column":9},"end":{"line":54,"column":18}},"loc":{"start":{"line":54,"column":50},"end":{"line":67,"column":null}},"line":54}},"branchMap":{"0":{"loc":{"start":{"line":5,"column":22},"end":{"line":5,"column":33}},"type":"default-arg","locations":[{"start":{"line":5,"column":29},"end":{"line":5,"column":33}}],"line":5},"1":{"loc":{"start":{"line":5,"column":35},"end":{"line":5,"column":54}},"type":"default-arg","locations":[{"start":{"line":5,"column":45},"end":{"line":5,"column":54}}],"line":5},"2":{"loc":{"start":{"line":5,"column":56},"end":{"line":5,"column":72}},"type":"default-arg","locations":[{"start":{"line":5,"column":69},"end":{"line":5,"column":72}}],"line":5},"3":{"loc":{"start":{"line":14,"column":22},"end":{"line":14,"column":33}},"type":"default-arg","locations":[{"start":{"line":14,"column":29},"end":{"line":14,"column":33}}],"line":14},"4":{"loc":{"start":{"line":14,"column":35},"end":{"line":14,"column":76}},"type":"default-arg","locations":[{"start":{"line":14,"column":45},"end":{"line":14,"column":76}}],"line":14},"5":{"loc":{"start":{"line":18,"column":20},"end":{"line":18,"column":49}},"type":"default-arg","locations":[{"start":{"line":18,"column":30},"end":{"line":18,"column":49}}],"line":18},"6":{"loc":{"start":{"line":18,"column":51},"end":{"line":18,"column":67}},"type":"default-arg","locations":[{"start":{"line":18,"column":64},"end":{"line":18,"column":67}}],"line":18},"7":{"loc":{"start":{"line":18,"column":69},"end":{"line":18,"column":82}},"type":"default-arg","locations":[{"start":{"line":18,"column":78},"end":{"line":18,"column":82}}],"line":18},"8":{"loc":{"start":{"line":27,"column":25},"end":{"line":27,"column":48}},"type":"default-arg","locations":[{"start":{"line":27,"column":35},"end":{"line":27,"column":48}}],"line":27},"9":{"loc":{"start":{"line":27,"column":50},"end":{"line":27,"column":63}},"type":"default-arg","locations":[{"start":{"line":27,"column":59},"end":{"line":27,"column":63}}],"line":27},"10":{"loc":{"start":{"line":31,"column":27},"end":{"line":31,"column":58}},"type":"default-arg","locations":[{"start":{"line":31,"column":37},"end":{"line":31,"column":58}}],"line":31},"11":{"loc":{"start":{"line":35,"column":24},"end":{"line":35,"column":52}},"type":"default-arg","locations":[{"start":{"line":35,"column":34},"end":{"line":35,"column":52}}],"line":35},"12":{"loc":{"start":{"line":39,"column":23},"end":{"line":39,"column":53}},"type":"default-arg","locations":[{"start":{"line":39,"column":33},"end":{"line":39,"column":53}}],"line":39},"13":{"loc":{"start":{"line":43,"column":23},"end":{"line":43,"column":52}},"type":"default-arg","locations":[{"start":{"line":43,"column":33},"end":{"line":43,"column":52}}],"line":43},"14":{"loc":{"start":{"line":50,"column":26},"end":{"line":50,"column":59}},"type":"default-arg","locations":[{"start":{"line":50,"column":36},"end":{"line":50,"column":59}}],"line":50}},"s":{"0":18,"1":0,"2":17,"3":12,"4":0,"5":1,"6":3,"7":0,"8":0,"9":1,"10":0},"f":{"0":4,"1":4,"2":4,"3":4,"4":4,"5":4,"6":4,"7":4,"8":4,"9":4,"10":4},"b":{"0":[18],"1":[18],"2":[18],"3":[0],"4":[0],"5":[17],"6":[17],"7":[17],"8":[12],"9":[12],"10":[0],"11":[1],"12":[3],"13":[0],"14":[1]},"meta":{"lastBranch":15,"lastFunction":11,"lastStatement":11,"seen":{"f:5:9:5:16":0,"b:5:29:5:33":0,"b:5:45:5:54":1,"b:5:69:5:72":2,"s:6:4:11:Infinity":0,"f:14:9:14:16":1,"b:14:29:14:33":3,"b:14:45:14:76":4,"s:15:4:15:Infinity":1,"f:18:9:18:14":2,"b:18:30:18:49":5,"b:18:64:18:67":6,"b:18:78:18:82":7,"s:19:4:24:Infinity":2,"f:27:9:27:19":3,"b:27:35:27:48":8,"b:27:59:27:63":9,"s:28:4:28:Infinity":3,"f:31:9:31:21":4,"b:31:37:31:58":10,"s:32:4:32:Infinity":4,"f:35:9:35:18":5,"b:35:34:35:52":11,"s:36:4:36:Infinity":5,"f:39:9:39:17":6,"b:39:33:39:53":12,"s:40:4:40:Infinity":6,"f:43:9:43:17":7,"b:43:33:43:52":13,"s:44:4:44:Infinity":7,"f:46:7:46:22":8,"s:47:4:47:Infinity":8,"f:50:9:50:20":9,"b:50:36:50:59":14,"s:51:4:51:Infinity":9,"f:54:9:54:18":10,"s:55:4:66:Infinity":10}}}
}
